{"/home/bytesage/Desktop/cbt_project/next-env.d.ts": {"path":"/home/bytesage/Desktop/cbt_project/next-env.d.ts","statementMap":{},"fnMap":{},"branchMap":{},"s":{},"f":{},"b":{}}
,"/home/bytesage/Desktop/cbt_project/next.config.ts": {"path":"/home/bytesage/Desktop/cbt_project/next.config.ts","statementMap":{"0":{"start":{"line":3,"column":31},"end":{"line":5,"column":2}},"1":{"start":{"line":7,"column":0},"end":{"line":7,"column":26}}},"fnMap":{},"branchMap":{},"s":{"0":0,"1":0},"f":{},"b":{}}
,"/home/bytesage/Desktop/cbt_project/app/layout.tsx": {"path":"/home/bytesage/Desktop/cbt_project/app/layout.tsx","statementMap":{"0":{"start":{"line":16,"column":0},"end":{"line":16,"column":24}},"1":{"start":{"line":2,"column":0},"end":{"line":2,"column":43}},"2":{"start":{"line":3,"column":0},"end":{"line":3,"column":23}},"3":{"start":{"line":4,"column":0},"end":{"line":4,"column":41}},"4":{"start":{"line":6,"column":15},"end":{"line":9,"column":2}},"5":{"start":{"line":11,"column":13},"end":{"line":14,"column":2}},"6":{"start":{"line":19,"column":2},"end":{"line":26,"column":4}}},"fnMap":{"0":{"name":"RootLayout","decl":{"start":{"line":16,"column":24},"end":{"line":16,"column":34}},"loc":{"start":{"line":18,"column":42},"end":{"line":27,"column":1}}}},"branchMap":{},"s":{"0":0,"1":0,"2":0,"3":0,"4":0,"5":0,"6":0},"f":{"0":0},"b":{}}
,"/home/bytesage/Desktop/cbt_project/app/page.tsx": {"path":"/home/bytesage/Desktop/cbt_project/app/page.tsx","statementMap":{"0":{"start":{"line":20,"column":0},"end":{"line":20,"column":15}},"1":{"start":{"line":1,"column":0},"end":{"line":1,"column":26}},"2":{"start":{"line":3,"column":0},"end":{"line":3,"column":51}},"3":{"start":{"line":4,"column":0},"end":{"line":4,"column":57}},"4":{"start":{"line":13,"column":13},"end":{"line":13,"column":39}},"5":{"start":{"line":15,"column":13},"end":{"line":18,"column":2}},"6":{"start":{"line":21,"column":14},"end":{"line":21,"column":77}},"7":{"start":{"line":22,"column":30},"end":{"line":22,"column":46}},"8":{"start":{"line":24,"column":2},"end":{"line":111,"column":4}},"9":{"start":{"line":58,"column":47},"end":{"line":58,"column":69}},"10":{"start":{"line":95,"column":14},"end":{"line":95,"column":30}}},"fnMap":{"0":{"name":"HomePage","decl":{"start":{"line":20,"column":30},"end":{"line":20,"column":38}},"loc":{"start":{"line":20,"column":38},"end":{"line":112,"column":1}}},"1":{"name":"(anonymous_2)","decl":{"start":{"line":58,"column":35},"end":{"line":58,"column":36}},"loc":{"start":{"line":58,"column":47},"end":{"line":58,"column":69}}},"2":{"name":"(anonymous_3)","decl":{"start":{"line":94,"column":26},"end":{"line":94,"column":27}},"loc":{"start":{"line":95,"column":14},"end":{"line":95,"column":30}}}},"branchMap":{"0":{"loc":{"start":{"line":49,"column":11},"end":{"line":67,"column":null}},"type":"binary-expr","locations":[{"start":{"line":49,"column":11},"end":{"line":49,"column":30}},{"start":{"line":50,"column":12},"end":{"line":66,"column":null}}]},"1":{"loc":{"start":{"line":72,"column":9},"end":{"line":77,"column":null}},"type":"binary-expr","locations":[{"start":{"line":72,"column":9},"end":{"line":72,"column":28}},{"start":{"line":73,"column":10},"end":{"line":76,"column":null}}]},"2":{"loc":{"start":{"line":81,"column":9},"end":{"line":104,"column":null}},"type":"cond-expr","locations":[{"start":{"line":82,"column":10},"end":{"line":90,"column":null}},{"start":{"line":93,"column":10},"end":{"line":103,"column":null}}]}},"s":{"0":0,"1":0,"2":0,"3":0,"4":0,"5":0,"6":0,"7":0,"8":0,"9":0,"10":0},"f":{"0":0,"1":0,"2":0},"b":{"0":[0,0],"1":[0,0],"2":[0,0]}}
,"/home/bytesage/Desktop/cbt_project/app/api/config/route.ts": {"path":"/home/bytesage/Desktop/cbt_project/app/api/config/route.ts","statementMap":{"0":{"start":{"line":6,"column":0},"end":{"line":6,"column":7}},"1":{"start":{"line":11,"column":0},"end":{"line":11,"column":7}},"2":{"start":{"line":22,"column":0},"end":{"line":22,"column":7}},"3":{"start":{"line":1,"column":0},"end":{"line":1,"column":34}},"4":{"start":{"line":2,"column":0},"end":{"line":2,"column":43}},"5":{"start":{"line":7,"column":18},"end":{"line":7,"column":48}},"6":{"start":{"line":8,"column":2},"end":{"line":8,"column":36}},"7":{"start":{"line":12,"column":25},"end":{"line":12,"column":45}},"8":{"start":{"line":13,"column":2},"end":{"line":13,"column":81}},"9":{"start":{"line":13,"column":12},"end":{"line":13,"column":81}},"10":{"start":{"line":14,"column":19},"end":{"line":18,"column":4}},"11":{"start":{"line":19,"column":2},"end":{"line":19,"column":37}},"12":{"start":{"line":23,"column":27},"end":{"line":23,"column":47}},"13":{"start":{"line":24,"column":14},"end":{"line":24,"column":37}},"14":{"start":{"line":25,"column":2},"end":{"line":25,"column":81}},"15":{"start":{"line":25,"column":12},"end":{"line":25,"column":81}},"16":{"start":{"line":26,"column":2},"end":{"line":26,"column":49}},"17":{"start":{"line":27,"column":2},"end":{"line":27,"column":46}}},"fnMap":{"0":{"name":"GET","decl":{"start":{"line":6,"column":22},"end":{"line":6,"column":25}},"loc":{"start":{"line":6,"column":25},"end":{"line":9,"column":1}}},"1":{"name":"POST","decl":{"start":{"line":11,"column":22},"end":{"line":11,"column":26}},"loc":{"start":{"line":11,"column":43},"end":{"line":20,"column":1}}},"2":{"name":"DELETE","decl":{"start":{"line":22,"column":22},"end":{"line":22,"column":28}},"loc":{"start":{"line":22,"column":45},"end":{"line":28,"column":1}}}},"branchMap":{"0":{"loc":{"start":{"line":13,"column":2},"end":{"line":13,"column":81}},"type":"if","locations":[{"start":{"line":13,"column":2},"end":{"line":13,"column":81}}]},"1":{"loc":{"start":{"line":25,"column":2},"end":{"line":25,"column":81}},"type":"if","locations":[{"start":{"line":25,"column":2},"end":{"line":25,"column":81}}]}},"s":{"0":0,"1":0,"2":0,"3":0,"4":0,"5":0,"6":0,"7":0,"8":0,"9":0,"10":0,"11":0,"12":0,"13":0,"14":0,"15":0,"16":0,"17":0},"f":{"0":0,"1":0,"2":0},"b":{"0":[0],"1":[0]}}
,"/home/bytesage/Desktop/cbt_project/app/api/courses/route.ts": {"path":"/home/bytesage/Desktop/cbt_project/app/api/courses/route.ts","statementMap":{"0":{"start":{"line":5,"column":0},"end":{"line":5,"column":7}},"1":{"start":{"line":10,"column":0},"end":{"line":10,"column":7}},"2":{"start":{"line":21,"column":0},"end":{"line":21,"column":7}},"3":{"start":{"line":2,"column":0},"end":{"line":2,"column":56}},"4":{"start":{"line":3,"column":0},"end":{"line":3,"column":34}},"5":{"start":{"line":6,"column":18},"end":{"line":6,"column":78}},"6":{"start":{"line":7,"column":2},"end":{"line":7,"column":36}},"7":{"start":{"line":11,"column":31},"end":{"line":11,"column":47}},"8":{"start":{"line":12,"column":2},"end":{"line":14,"column":3}},"9":{"start":{"line":13,"column":4},"end":{"line":13,"column":89}},"10":{"start":{"line":15,"column":17},"end":{"line":17,"column":4}},"11":{"start":{"line":18,"column":2},"end":{"line":18,"column":52}},"12":{"start":{"line":22,"column":27},"end":{"line":22,"column":43}},"13":{"start":{"line":23,"column":13},"end":{"line":23,"column":35}},"14":{"start":{"line":24,"column":2},"end":{"line":26,"column":3}},"15":{"start":{"line":25,"column":4},"end":{"line":25,"column":84}},"16":{"start":{"line":27,"column":2},"end":{"line":27,"column":60}},"17":{"start":{"line":28,"column":2},"end":{"line":28,"column":46}}},"fnMap":{"0":{"name":"GET","decl":{"start":{"line":5,"column":22},"end":{"line":5,"column":25}},"loc":{"start":{"line":5,"column":25},"end":{"line":8,"column":1}}},"1":{"name":"POST","decl":{"start":{"line":10,"column":22},"end":{"line":10,"column":26}},"loc":{"start":{"line":10,"column":43},"end":{"line":19,"column":1}}},"2":{"name":"DELETE","decl":{"start":{"line":21,"column":22},"end":{"line":21,"column":28}},"loc":{"start":{"line":21,"column":45},"end":{"line":29,"column":1}}}},"branchMap":{"0":{"loc":{"start":{"line":12,"column":2},"end":{"line":14,"column":3}},"type":"if","locations":[{"start":{"line":12,"column":2},"end":{"line":14,"column":3}}]},"1":{"loc":{"start":{"line":12,"column":6},"end":{"line":12,"column":26}},"type":"binary-expr","locations":[{"start":{"line":12,"column":6},"end":{"line":12,"column":12}},{"start":{"line":12,"column":16},"end":{"line":12,"column":26}}]},"2":{"loc":{"start":{"line":24,"column":2},"end":{"line":26,"column":3}},"type":"if","locations":[{"start":{"line":24,"column":2},"end":{"line":26,"column":3}}]}},"s":{"0":0,"1":0,"2":0,"3":0,"4":0,"5":0,"6":0,"7":0,"8":0,"9":0,"10":0,"11":0,"12":0,"13":0,"14":0,"15":0,"16":0,"17":0},"f":{"0":0,"1":0,"2":0},"b":{"0":[0],"1":[0,0],"2":[0]}}
,"/home/bytesage/Desktop/cbt_project/app/api/courses/[id]/route.ts": {"path":"/home/bytesage/Desktop/cbt_project/app/api/courses/[id]/route.ts","statementMap":{"0":{"start":{"line":4,"column":0},"end":{"line":4,"column":7}},"1":{"start":{"line":14,"column":0},"end":{"line":14,"column":7}},"2":{"start":{"line":24,"column":0},"end":{"line":24,"column":7}},"3":{"start":{"line":1,"column":0},"end":{"line":1,"column":34}},"4":{"start":{"line":2,"column":0},"end":{"line":2,"column":43}},"5":{"start":{"line":5,"column":17},"end":{"line":5,"column":37}},"6":{"start":{"line":6,"column":17},"end":{"line":9,"column":4}},"7":{"start":{"line":10,"column":2},"end":{"line":10,"column":81}},"8":{"start":{"line":10,"column":15},"end":{"line":10,"column":81}},"9":{"start":{"line":11,"column":2},"end":{"line":11,"column":35}},"10":{"start":{"line":15,"column":17},"end":{"line":15,"column":37}},"11":{"start":{"line":16,"column":15},"end":{"line":16,"column":35}},"12":{"start":{"line":17,"column":18},"end":{"line":20,"column":4}},"13":{"start":{"line":21,"column":2},"end":{"line":21,"column":36}},"14":{"start":{"line":25,"column":17},"end":{"line":25,"column":37}},"15":{"start":{"line":26,"column":19},"end":{"line":26,"column":29}},"16":{"start":{"line":29,"column":2},"end":{"line":29,"column":60}},"17":{"start":{"line":32,"column":2},"end":{"line":32,"column":58}},"18":{"start":{"line":34,"column":2},"end":{"line":34,"column":46}}},"fnMap":{"0":{"name":"GET","decl":{"start":{"line":4,"column":22},"end":{"line":4,"column":25}},"loc":{"start":{"line":4,"column":88},"end":{"line":12,"column":1}}},"1":{"name":"PATCH","decl":{"start":{"line":14,"column":22},"end":{"line":14,"column":27}},"loc":{"start":{"line":14,"column":90},"end":{"line":22,"column":1}}},"2":{"name":"DELETE","decl":{"start":{"line":24,"column":22},"end":{"line":24,"column":28}},"loc":{"start":{"line":24,"column":91},"end":{"line":35,"column":1}}}},"branchMap":{"0":{"loc":{"start":{"line":10,"column":2},"end":{"line":10,"column":81}},"type":"if","locations":[{"start":{"line":10,"column":2},"end":{"line":10,"column":81}}]}},"s":{"0":0,"1":0,"2":0,"3":0,"4":0,"5":0,"6":0,"7":0,"8":0,"9":0,"10":0,"11":0,"12":0,"13":0,"14":0,"15":0,"16":0,"17":0,"18":0},"f":{"0":0,"1":0,"2":0},"b":{"0":[0]}}
,"/home/bytesage/Desktop/cbt_project/app/api/questions/route.ts": {"path":"/home/bytesage/Desktop/cbt_project/app/api/questions/route.ts","statementMap":{"0":{"start":{"line":5,"column":0},"end":{"line":5,"column":7}},"1":{"start":{"line":13,"column":0},"end":{"line":13,"column":7}},"2":{"start":{"line":2,"column":0},"end":{"line":2,"column":43}},"3":{"start":{"line":3,"column":0},"end":{"line":3,"column":34}},"4":{"start":{"line":6,"column":14},"end":{"line":6,"column":34}},"5":{"start":{"line":7,"column":19},"end":{"line":7,"column":51}},"6":{"start":{"line":8,"column":16},"end":{"line":8,"column":62}},"7":{"start":{"line":9,"column":20},"end":{"line":9,"column":61}},"8":{"start":{"line":10,"column":2},"end":{"line":10,"column":38}},"9":{"start":{"line":14,"column":15},"end":{"line":14,"column":35}},"10":{"start":{"line":15,"column":18},"end":{"line":15,"column":62}},"11":{"start":{"line":16,"column":2},"end":{"line":16,"column":53}}},"fnMap":{"0":{"name":"GET","decl":{"start":{"line":5,"column":22},"end":{"line":5,"column":25}},"loc":{"start":{"line":5,"column":42},"end":{"line":11,"column":1}}},"1":{"name":"POST","decl":{"start":{"line":13,"column":22},"end":{"line":13,"column":26}},"loc":{"start":{"line":13,"column":43},"end":{"line":17,"column":1}}}},"branchMap":{"0":{"loc":{"start":{"line":8,"column":16},"end":{"line":8,"column":62}},"type":"cond-expr","locations":[{"start":{"line":8,"column":27},"end":{"line":8,"column":57}},{"start":{"line":8,"column":60},"end":{"line":8,"column":62}}]}},"s":{"0":0,"1":0,"2":0,"3":0,"4":0,"5":0,"6":0,"7":0,"8":0,"9":0,"10":0,"11":0},"f":{"0":0,"1":0},"b":{"0":[0,0]}}
,"/home/bytesage/Desktop/cbt_project/app/api/questions/[id]/route.ts": {"path":"/home/bytesage/Desktop/cbt_project/app/api/questions/[id]/route.ts","statementMap":{"0":{"start":{"line":5,"column":0},"end":{"line":5,"column":7}},"1":{"start":{"line":12,"column":0},"end":{"line":12,"column":7}},"2":{"start":{"line":22,"column":0},"end":{"line":22,"column":7}},"3":{"start":{"line":2,"column":0},"end":{"line":2,"column":34}},"4":{"start":{"line":3,"column":0},"end":{"line":3,"column":43}},"5":{"start":{"line":6,"column":17},"end":{"line":6,"column":37}},"6":{"start":{"line":7,"column":12},"end":{"line":7,"column":75}},"7":{"start":{"line":8,"column":2},"end":{"line":8,"column":76}},"8":{"start":{"line":8,"column":10},"end":{"line":8,"column":76}},"9":{"start":{"line":9,"column":2},"end":{"line":9,"column":30}},"10":{"start":{"line":13,"column":17},"end":{"line":13,"column":37}},"11":{"start":{"line":14,"column":20},"end":{"line":14,"column":40}},"12":{"start":{"line":15,"column":18},"end":{"line":18,"column":4}},"13":{"start":{"line":19,"column":2},"end":{"line":19,"column":36}},"14":{"start":{"line":23,"column":17},"end":{"line":23,"column":37}},"15":{"start":{"line":24,"column":2},"end":{"line":24,"column":62}},"16":{"start":{"line":25,"column":2},"end":{"line":25,"column":46}}},"fnMap":{"0":{"name":"GET","decl":{"start":{"line":5,"column":22},"end":{"line":5,"column":25}},"loc":{"start":{"line":5,"column":88},"end":{"line":10,"column":1}}},"1":{"name":"PATCH","decl":{"start":{"line":12,"column":22},"end":{"line":12,"column":27}},"loc":{"start":{"line":12,"column":90},"end":{"line":20,"column":1}}},"2":{"name":"DELETE","decl":{"start":{"line":22,"column":22},"end":{"line":22,"column":28}},"loc":{"start":{"line":22,"column":91},"end":{"line":26,"column":1}}}},"branchMap":{"0":{"loc":{"start":{"line":8,"column":2},"end":{"line":8,"column":76}},"type":"if","locations":[{"start":{"line":8,"column":2},"end":{"line":8,"column":76}}]}},"s":{"0":0,"1":0,"2":0,"3":0,"4":0,"5":0,"6":0,"7":0,"8":0,"9":0,"10":0,"11":0,"12":0,"13":0,"14":0,"15":0,"16":0},"f":{"0":0,"1":0,"2":0},"b":{"0":[0]}}
,"/home/bytesage/Desktop/cbt_project/app/api/questions/upload/route.ts": {"path":"/home/bytesage/Desktop/cbt_project/app/api/questions/upload/route.ts","statementMap":{"0":{"start":{"line":5,"column":0},"end":{"line":5,"column":7}},"1":{"start":{"line":2,"column":0},"end":{"line":2,"column":34}},"2":{"start":{"line":3,"column":0},"end":{"line":3,"column":43}},"3":{"start":{"line":6,"column":24},"end":{"line":6,"column":44}},"4":{"start":{"line":7,"column":2},"end":{"line":9,"column":3}},"5":{"start":{"line":8,"column":4},"end":{"line":8,"column":76}},"6":{"start":{"line":10,"column":15},"end":{"line":16,"column":5}},"7":{"start":{"line":10,"column":42},"end":{"line":16,"column":4}},"8":{"start":{"line":17,"column":17},"end":{"line":17,"column":59}},"9":{"start":{"line":18,"column":2},"end":{"line":18,"column":55}}},"fnMap":{"0":{"name":"POST","decl":{"start":{"line":5,"column":22},"end":{"line":5,"column":26}},"loc":{"start":{"line":5,"column":43},"end":{"line":19,"column":1}}},"1":{"name":"(anonymous_2)","decl":{"start":{"line":10,"column":29},"end":{"line":10,"column":30}},"loc":{"start":{"line":10,"column":42},"end":{"line":16,"column":4}}}},"branchMap":{"0":{"loc":{"start":{"line":7,"column":2},"end":{"line":9,"column":3}},"type":"if","locations":[{"start":{"line":7,"column":2},"end":{"line":9,"column":3}}]}},"s":{"0":0,"1":0,"2":0,"3":0,"4":0,"5":0,"6":0,"7":0,"8":0,"9":0},"f":{"0":0,"1":0},"b":{"0":[0]}}
,"/home/bytesage/Desktop/cbt_project/app/api/subjects/route.ts": {"path":"/home/bytesage/Desktop/cbt_project/app/api/subjects/route.ts","statementMap":{"0":{"start":{"line":4,"column":0},"end":{"line":4,"column":7}},"1":{"start":{"line":11,"column":0},"end":{"line":11,"column":7}},"2":{"start":{"line":1,"column":0},"end":{"line":1,"column":56}},"3":{"start":{"line":2,"column":0},"end":{"line":2,"column":34}},"4":{"start":{"line":5,"column":19},"end":{"line":7,"column":4}},"5":{"start":{"line":8,"column":2},"end":{"line":8,"column":37}},"6":{"start":{"line":12,"column":19},"end":{"line":12,"column":35}},"7":{"start":{"line":13,"column":2},"end":{"line":15,"column":3}},"8":{"start":{"line":14,"column":4},"end":{"line":14,"column":77}},"9":{"start":{"line":16,"column":18},"end":{"line":18,"column":4}},"10":{"start":{"line":19,"column":2},"end":{"line":19,"column":53}}},"fnMap":{"0":{"name":"GET","decl":{"start":{"line":4,"column":22},"end":{"line":4,"column":25}},"loc":{"start":{"line":4,"column":42},"end":{"line":9,"column":1}}},"1":{"name":"POST","decl":{"start":{"line":11,"column":22},"end":{"line":11,"column":26}},"loc":{"start":{"line":11,"column":43},"end":{"line":20,"column":1}}}},"branchMap":{"0":{"loc":{"start":{"line":13,"column":2},"end":{"line":15,"column":3}},"type":"if","locations":[{"start":{"line":13,"column":2},"end":{"line":15,"column":3}}]}},"s":{"0":0,"1":0,"2":0,"3":0,"4":0,"5":0,"6":0,"7":0,"8":0,"9":0,"10":0},"f":{"0":0,"1":0},"b":{"0":[0]}}
,"/home/bytesage/Desktop/cbt_project/app/api/subjects/[id]/route.ts": {"path":"/home/bytesage/Desktop/cbt_project/app/api/subjects/[id]/route.ts","statementMap":{"0":{"start":{"line":4,"column":0},"end":{"line":4,"column":7}},"1":{"start":{"line":14,"column":0},"end":{"line":14,"column":7}},"2":{"start":{"line":24,"column":0},"end":{"line":24,"column":7}},"3":{"start":{"line":1,"column":0},"end":{"line":1,"column":34}},"4":{"start":{"line":2,"column":0},"end":{"line":2,"column":43}},"5":{"start":{"line":5,"column":17},"end":{"line":5,"column":37}},"6":{"start":{"line":6,"column":18},"end":{"line":9,"column":4}},"7":{"start":{"line":10,"column":2},"end":{"line":10,"column":82}},"8":{"start":{"line":10,"column":16},"end":{"line":10,"column":82}},"9":{"start":{"line":11,"column":2},"end":{"line":11,"column":36}},"10":{"start":{"line":15,"column":17},"end":{"line":15,"column":37}},"11":{"start":{"line":16,"column":15},"end":{"line":16,"column":35}},"12":{"start":{"line":17,"column":18},"end":{"line":20,"column":4}},"13":{"start":{"line":21,"column":2},"end":{"line":21,"column":36}},"14":{"start":{"line":25,"column":17},"end":{"line":25,"column":37}},"15":{"start":{"line":26,"column":20},"end":{"line":26,"column":30}},"16":{"start":{"line":29,"column":18},"end":{"line":32,"column":4}},"17":{"start":{"line":33,"column":20},"end":{"line":33,"column":44}},"18":{"start":{"line":33,"column":39},"end":{"line":33,"column":43}},"19":{"start":{"line":36,"column":2},"end":{"line":38,"column":3}},"20":{"start":{"line":37,"column":4},"end":{"line":37,"column":81}},"21":{"start":{"line":41,"column":2},"end":{"line":41,"column":59}},"22":{"start":{"line":44,"column":2},"end":{"line":44,"column":60}},"23":{"start":{"line":46,"column":2},"end":{"line":46,"column":46}}},"fnMap":{"0":{"name":"GET","decl":{"start":{"line":4,"column":22},"end":{"line":4,"column":25}},"loc":{"start":{"line":4,"column":88},"end":{"line":12,"column":1}}},"1":{"name":"PATCH","decl":{"start":{"line":14,"column":22},"end":{"line":14,"column":27}},"loc":{"start":{"line":14,"column":90},"end":{"line":22,"column":1}}},"2":{"name":"DELETE","decl":{"start":{"line":24,"column":22},"end":{"line":24,"column":28}},"loc":{"start":{"line":24,"column":91},"end":{"line":47,"column":1}}},"3":{"name":"(anonymous_4)","decl":{"start":{"line":33,"column":32},"end":{"line":33,"column":33}},"loc":{"start":{"line":33,"column":39},"end":{"line":33,"column":43}}}},"branchMap":{"0":{"loc":{"start":{"line":10,"column":2},"end":{"line":10,"column":82}},"type":"if","locations":[{"start":{"line":10,"column":2},"end":{"line":10,"column":82}}]},"1":{"loc":{"start":{"line":36,"column":2},"end":{"line":38,"column":3}},"type":"if","locations":[{"start":{"line":36,"column":2},"end":{"line":38,"column":3}}]}},"s":{"0":0,"1":0,"2":0,"3":0,"4":0,"5":0,"6":0,"7":0,"8":0,"9":0,"10":0,"11":0,"12":0,"13":0,"14":0,"15":0,"16":0,"17":0,"18":0,"19":0,"20":0,"21":0,"22":0,"23":0},"f":{"0":0,"1":0,"2":0,"3":0},"b":{"0":[0],"1":[0]}}
,"/home/bytesage/Desktop/cbt_project/app/config/page.tsx": {"path":"/home/bytesage/Desktop/cbt_project/app/config/page.tsx","statementMap":{"0":{"start":{"line":14,"column":0},"end":{"line":14,"column":15}},"1":{"start":{"line":1,"column":0},"end":{"line":1,"column":26}},"2":{"start":{"line":3,"column":0},"end":{"line":3,"column":53}},"3":{"start":{"line":7,"column":13},"end":{"line":7,"column":39}},"4":{"start":{"line":9,"column":13},"end":{"line":12,"column":2}},"5":{"start":{"line":15,"column":14},"end":{"line":15,"column":75}},"6":{"start":{"line":16,"column":28},"end":{"line":16,"column":44}},"7":{"start":{"line":18,"column":2},"end":{"line":40,"column":4}}},"fnMap":{"0":{"name":"ConfigPage","decl":{"start":{"line":14,"column":30},"end":{"line":14,"column":40}},"loc":{"start":{"line":14,"column":40},"end":{"line":41,"column":1}}}},"branchMap":{},"s":{"0":0,"1":0,"2":0,"3":0,"4":0,"5":0,"6":0,"7":0},"f":{"0":0},"b":{}}
,"/home/bytesage/Desktop/cbt_project/app/courses/[id]/page.tsx": {"path":"/home/bytesage/Desktop/cbt_project/app/courses/[id]/page.tsx","statementMap":{"0":{"start":{"line":23,"column":0},"end":{"line":23,"column":24}},"1":{"start":{"line":2,"column":0},"end":{"line":2,"column":51}},"2":{"start":{"line":3,"column":0},"end":{"line":3,"column":29}},"3":{"start":{"line":4,"column":0},"end":{"line":4,"column":44}},"4":{"start":{"line":5,"column":0},"end":{"line":5,"column":53}},"5":{"start":{"line":6,"column":0},"end":{"line":6,"column":55}},"6":{"start":{"line":7,"column":0},"end":{"line":7,"column":53}},"7":{"start":{"line":8,"column":0},"end":{"line":8,"column":53}},"8":{"start":{"line":17,"column":14},"end":{"line":20,"column":null}},"9":{"start":{"line":18,"column":2},"end":{"line":19,"column":null}},"10":{"start":{"line":24,"column":17},"end":{"line":24,"column":28}},"11":{"start":{"line":25,"column":42},"end":{"line":25,"column":66}},"12":{"start":{"line":26,"column":42},"end":{"line":26,"column":57}},"13":{"start":{"line":27,"column":42},"end":{"line":27,"column":74}},"14":{"start":{"line":28,"column":42},"end":{"line":28,"column":57}},"15":{"start":{"line":29,"column":42},"end":{"line":29,"column":71}},"16":{"start":{"line":31,"column":2},"end":{"line":41,"column":18}},"17":{"start":{"line":32,"column":17},"end":{"line":39,"column":5}},"18":{"start":{"line":33,"column":27},"end":{"line":36,"column":8}},"19":{"start":{"line":37,"column":6},"end":{"line":37,"column":35}},"20":{"start":{"line":38,"column":6},"end":{"line":38,"column":38}},"21":{"start":{"line":40,"column":4},"end":{"line":40,"column":11}},"22":{"start":{"line":43,"column":18},"end":{"line":46,"column":3}},"23":{"start":{"line":44,"column":17},"end":{"line":44,"column":68}},"24":{"start":{"line":45,"column":4},"end":{"line":45,"column":36}},"25":{"start":{"line":48,"column":31},"end":{"line":51,"column":3}},"26":{"start":{"line":49,"column":4},"end":{"line":49,"column":62}},"27":{"start":{"line":50,"column":4},"end":{"line":50,"column":14}},"28":{"start":{"line":53,"column":29},"end":{"line":62,"column":3}},"29":{"start":{"line":54,"column":4},"end":{"line":54,"column":67}},"30":{"start":{"line":56,"column":4},"end":{"line":60,"column":5}},"31":{"start":{"line":57,"column":6},"end":{"line":57,"column":51}},"32":{"start":{"line":59,"column":6},"end":{"line":59,"column":23}},"33":{"start":{"line":61,"column":4},"end":{"line":61,"column":21}},"34":{"start":{"line":64,"column":21},"end":{"line":67,"column":3}},"35":{"start":{"line":65,"column":4},"end":{"line":65,"column":23}},"36":{"start":{"line":66,"column":4},"end":{"line":66,"column":22}},"37":{"start":{"line":69,"column":20},"end":{"line":69,"column":77}},"38":{"start":{"line":69,"column":28},"end":{"line":69,"column":47}},"39":{"start":{"line":69,"column":48},"end":{"line":69,"column":75}},"40":{"start":{"line":71,"column":2},"end":{"line":172,"column":4}},"41":{"start":{"line":110,"column":31},"end":{"line":110,"column":58}},"42":{"start":{"line":110,"column":59},"end":{"line":110,"column":77}},"43":{"start":{"line":115,"column":69},"end":{"line":115,"column":90}},"44":{"start":{"line":143,"column":33},"end":{"line":143,"column":45}},"45":{"start":{"line":143,"column":46},"end":{"line":143,"column":56}},"46":{"start":{"line":158,"column":31},"end":{"line":158,"column":53}},"47":{"start":{"line":166,"column":33},"end":{"line":166,"column":56}},"48":{"start":{"line":166,"column":57},"end":{"line":166,"column":67}}},"fnMap":{"0":{"name":"(anonymous_10)","decl":{"start":{"line":17,"column":14},"end":{"line":17,"column":17}},"loc":{"start":{"line":18,"column":2},"end":{"line":19,"column":null}}},"1":{"name":"CoursePage","decl":{"start":{"line":23,"column":24},"end":{"line":23,"column":34}},"loc":{"start":{"line":23,"column":73},"end":{"line":173,"column":1}}},"2":{"name":"(anonymous_12)","decl":{"start":{"line":31,"column":12},"end":{"line":31,"column":15}},"loc":{"start":{"line":31,"column":17},"end":{"line":41,"column":3}}},"3":{"name":"(anonymous_13)","decl":{"start":{"line":32,"column":17},"end":{"line":32,"column":22}},"loc":{"start":{"line":32,"column":28},"end":{"line":39,"column":5}}},"4":{"name":"(anonymous_14)","decl":{"start":{"line":43,"column":18},"end":{"line":43,"column":23}},"loc":{"start":{"line":43,"column":29},"end":{"line":46,"column":3}}},"5":{"name":"(anonymous_15)","decl":{"start":{"line":48,"column":31},"end":{"line":48,"column":36}},"loc":{"start":{"line":48,"column":52},"end":{"line":51,"column":3}}},"6":{"name":"(anonymous_16)","decl":{"start":{"line":53,"column":29},"end":{"line":53,"column":34}},"loc":{"start":{"line":53,"column":40},"end":{"line":62,"column":3}}},"7":{"name":"(anonymous_17)","decl":{"start":{"line":64,"column":21},"end":{"line":64,"column":22}},"loc":{"start":{"line":64,"column":37},"end":{"line":67,"column":3}}},"8":{"name":"(anonymous_18)","decl":{"start":{"line":69,"column":20},"end":{"line":69,"column":23}},"loc":{"start":{"line":69,"column":25},"end":{"line":69,"column":77}}},"9":{"name":"(anonymous_19)","decl":{"start":{"line":110,"column":23},"end":{"line":110,"column":26}},"loc":{"start":{"line":110,"column":28},"end":{"line":110,"column":79}}},"10":{"name":"(anonymous_20)","decl":{"start":{"line":115,"column":63},"end":{"line":115,"column":66}},"loc":{"start":{"line":115,"column":69},"end":{"line":115,"column":90}}},"11":{"name":"(anonymous_21)","decl":{"start":{"line":143,"column":25},"end":{"line":143,"column":28}},"loc":{"start":{"line":143,"column":30},"end":{"line":143,"column":58}}},"12":{"name":"(anonymous_22)","decl":{"start":{"line":158,"column":25},"end":{"line":158,"column":28}},"loc":{"start":{"line":158,"column":31},"end":{"line":158,"column":53}}},"13":{"name":"(anonymous_23)","decl":{"start":{"line":166,"column":25},"end":{"line":166,"column":28}},"loc":{"start":{"line":166,"column":30},"end":{"line":166,"column":69}}}},"branchMap":{"0":{"loc":{"start":{"line":56,"column":4},"end":{"line":60,"column":5}},"type":"if","locations":[{"start":{"line":56,"column":4},"end":{"line":60,"column":5}},{"start":{"line":58,"column":11},"end":{"line":60,"column":5}}]},"1":{"loc":{"start":{"line":56,"column":8},"end":{"line":56,"column":25}},"type":"cond-expr","locations":[{"start":{"line":56,"column":14},"end":{"line":56,"column":16}},{"start":{"line":56,"column":8},"end":{"line":56,"column":25}}]},"2":{"loc":{"start":{"line":56,"column":8},"end":{"line":56,"column":16}},"type":"binary-expr","locations":[{"start":{"line":56,"column":8},"end":{"line":56,"column":16}},{"start":{"line":56,"column":8},"end":{"line":56,"column":16}}]},"3":{"loc":{"start":{"line":81,"column":11},"end":{"line":87,"column":null}},"type":"binary-expr","locations":[{"start":{"line":81,"column":11},"end":{"line":81,"column":28}},{"start":{"line":82,"column":12},"end":{"line":86,"column":null}}]},"4":{"loc":{"start":{"line":81,"column":11},"end":{"line":81,"column":28}},"type":"cond-expr","locations":[{"start":{"line":81,"column":17},"end":{"line":81,"column":19}},{"start":{"line":81,"column":11},"end":{"line":81,"column":28}}]},"5":{"loc":{"start":{"line":81,"column":11},"end":{"line":81,"column":19}},"type":"binary-expr","locations":[{"start":{"line":81,"column":11},"end":{"line":81,"column":19}},{"start":{"line":81,"column":11},"end":{"line":81,"column":19}}]},"6":{"loc":{"start":{"line":91,"column":13},"end":{"line":91,"column":38}},"type":"cond-expr","locations":[{"start":{"line":91,"column":26},"end":{"line":91,"column":30}},{"start":{"line":91,"column":30},"end":{"line":91,"column":38}}]},"7":{"loc":{"start":{"line":91,"column":13},"end":{"line":91,"column":30}},"type":"binary-expr","locations":[{"start":{"line":91,"column":13},"end":{"line":91,"column":30}},{"start":{"line":91,"column":26},"end":{"line":91,"column":30}}]},"8":{"loc":{"start":{"line":91,"column":13},"end":{"line":91,"column":26}},"type":"cond-expr","locations":[{"start":{"line":91,"column":19},"end":{"line":91,"column":21}},{"start":{"line":91,"column":13},"end":{"line":91,"column":26}}]},"9":{"loc":{"start":{"line":91,"column":13},"end":{"line":91,"column":21}},"type":"binary-expr","locations":[{"start":{"line":91,"column":13},"end":{"line":91,"column":21}},{"start":{"line":91,"column":13},"end":{"line":91,"column":21}}]},"10":{"loc":{"start":{"line":99,"column":15},"end":{"line":99,"column":42}},"type":"cond-expr","locations":[{"start":{"line":99,"column":28},"end":{"line":99,"column":32}},{"start":{"line":99,"column":32},"end":{"line":99,"column":42}}]},"11":{"loc":{"start":{"line":99,"column":15},"end":{"line":99,"column":32}},"type":"binary-expr","locations":[{"start":{"line":99,"column":15},"end":{"line":99,"column":32}},{"start":{"line":99,"column":28},"end":{"line":99,"column":32}}]},"12":{"loc":{"start":{"line":99,"column":15},"end":{"line":99,"column":28}},"type":"cond-expr","locations":[{"start":{"line":99,"column":21},"end":{"line":99,"column":23}},{"start":{"line":99,"column":15},"end":{"line":99,"column":28}}]},"13":{"loc":{"start":{"line":99,"column":15},"end":{"line":99,"column":23}},"type":"binary-expr","locations":[{"start":{"line":99,"column":15},"end":{"line":99,"column":23}},{"start":{"line":99,"column":15},"end":{"line":99,"column":23}}]},"14":{"loc":{"start":{"line":103,"column":23},"end":{"line":103,"column":56}},"type":"cond-expr","locations":[{"start":{"line":103,"column":48},"end":{"line":103,"column":51}},{"start":{"line":103,"column":54},"end":{"line":103,"column":56}}]},"15":{"loc":{"start":{"line":124,"column":21},"end":{"line":124,"column":51}},"type":"cond-expr","locations":[{"start":{"line":124,"column":34},"end":{"line":124,"column":38}},{"start":{"line":124,"column":38},"end":{"line":124,"column":51}}]},"16":{"loc":{"start":{"line":124,"column":21},"end":{"line":124,"column":38}},"type":"binary-expr","locations":[{"start":{"line":124,"column":21},"end":{"line":124,"column":38}},{"start":{"line":124,"column":34},"end":{"line":124,"column":38}}]},"17":{"loc":{"start":{"line":124,"column":21},"end":{"line":124,"column":34}},"type":"cond-expr","locations":[{"start":{"line":124,"column":27},"end":{"line":124,"column":29}},{"start":{"line":124,"column":21},"end":{"line":124,"column":34}}]},"18":{"loc":{"start":{"line":124,"column":21},"end":{"line":124,"column":29}},"type":"binary-expr","locations":[{"start":{"line":124,"column":21},"end":{"line":124,"column":29}},{"start":{"line":124,"column":21},"end":{"line":124,"column":29}}]},"19":{"loc":{"start":{"line":137,"column":7},"end":{"line":147,"column":null}},"type":"binary-expr","locations":[{"start":{"line":137,"column":7},"end":{"line":137,"column":15}},{"start":{"line":138,"column":8},"end":{"line":146,"column":null}}]},"20":{"loc":{"start":{"line":151,"column":7},"end":{"line":169,"column":null}},"type":"binary-expr","locations":[{"start":{"line":151,"column":7},"end":{"line":151,"column":19}},{"start":{"line":152,"column":8},"end":{"line":168,"column":null}}]}},"s":{"0":0,"1":0,"2":0,"3":0,"4":0,"5":0,"6":0,"7":0,"8":0,"9":0,"10":0,"11":0,"12":0,"13":0,"14":0,"15":0,"16":0,"17":0,"18":0,"19":0,"20":0,"21":0,"22":0,"23":0,"24":0,"25":0,"26":0,"27":0,"28":0,"29":0,"30":0,"31":0,"32":0,"33":0,"34":0,"35":0,"36":0,"37":0,"38":0,"39":0,"40":0,"41":0,"42":0,"43":0,"44":0,"45":0,"46":0,"47":0,"48":0},"f":{"0":0,"1":0,"2":0,"3":0,"4":0,"5":0,"6":0,"7":0,"8":0,"9":0,"10":0,"11":0,"12":0,"13":0},"b":{"0":[0,0],"1":[0,0],"2":[0,0],"3":[0,0],"4":[0,0],"5":[0,0],"6":[0,0],"7":[0,0],"8":[0,0],"9":[0,0],"10":[0,0],"11":[0,0],"12":[0,0],"13":[0,0],"14":[0,0],"15":[0,0],"16":[0,0],"17":[0,0],"18":[0,0],"19":[0,0],"20":[0,0]}}
,"/home/bytesage/Desktop/cbt_project/app/docs/DocsClient.tsx": {"path":"/home/bytesage/Desktop/cbt_project/app/docs/DocsClient.tsx","statementMap":{"0":{"start":{"line":409,"column":0},"end":{"line":409,"column":24}},"1":{"start":{"line":2,"column":0},"end":{"line":2,"column":40}},"2":{"start":{"line":3,"column":0},"end":{"line":3,"column":29}},"3":{"start":{"line":6,"column":13},"end":{"line":56,"column":2}},"4":{"start":{"line":8,"column":4},"end":{"line":9,"column":null}},"5":{"start":{"line":13,"column":4},"end":{"line":14,"column":null}},"6":{"start":{"line":18,"column":4},"end":{"line":20,"column":null}},"7":{"start":{"line":24,"column":4},"end":{"line":26,"column":null}},"8":{"start":{"line":30,"column":4},"end":{"line":32,"column":null}},"9":{"start":{"line":36,"column":4},"end":{"line":37,"column":null}},"10":{"start":{"line":41,"column":4},"end":{"line":42,"column":null}},"11":{"start":{"line":46,"column":4},"end":{"line":47,"column":null}},"12":{"start":{"line":51,"column":4},"end":{"line":53,"column":null}},"13":{"start":{"line":60,"column":30},"end":{"line":60,"column":45}},"14":{"start":{"line":61,"column":17},"end":{"line":65,"column":3}},"15":{"start":{"line":62,"column":4},"end":{"line":62,"column":40}},"16":{"start":{"line":63,"column":4},"end":{"line":63,"column":20}},"17":{"start":{"line":64,"column":4},"end":{"line":64,"column":45}},"18":{"start":{"line":64,"column":21},"end":{"line":64,"column":37}},"19":{"start":{"line":66,"column":2},"end":{"line":83,"column":4}},"20":{"start":{"line":88,"column":2},"end":{"line":115,"column":4}},"21":{"start":{"line":122,"column":2},"end":{"line":159,"column":4}},"22":{"start":{"line":166,"column":2},"end":{"line":187,"column":4}},"23":{"start":{"line":194,"column":2},"end":{"line":208,"column":4}},"24":{"start":{"line":212,"column":21},"end":{"line":219,"column":2}},"25":{"start":{"line":222,"column":21},"end":{"line":241,"column":3}},"26":{"start":{"line":243,"column":20},"end":{"line":245,"column":100}},"27":{"start":{"line":247,"column":22},"end":{"line":254,"column":3}},"28":{"start":{"line":256,"column":21},"end":{"line":256,"column":92}},"29":{"start":{"line":258,"column":16},"end":{"line":377,"column":2}},"30":{"start":{"line":379,"column":13},"end":{"line":404,"column":2}},"31":{"start":{"line":410,"column":44},"end":{"line":410,"column":64}},"32":{"start":{"line":411,"column":52},"end":{"line":411,"column":67}},"33":{"start":{"line":413,"column":2},"end":{"line":836,"column":4}},"34":{"start":{"line":418,"column":23},"end":{"line":418,"column":52}},"35":{"start":{"line":418,"column":49},"end":{"line":418,"column":51}},"36":{"start":{"line":439,"column":25},"end":{"line":439,"column":52}},"37":{"start":{"line":468,"column":10},"end":{"line":469,"column":null}},"38":{"start":{"line":471,"column":29},"end":{"line":471,"column":50}},"39":{"start":{"line":471,"column":51},"end":{"line":471,"column":79}},"40":{"start":{"line":532,"column":14},"end":{"line":532,"column":28}},"41":{"start":{"line":569,"column":14},"end":{"line":569,"column":31}},"42":{"start":{"line":628,"column":20},"end":{"line":628,"column":32}},"43":{"start":{"line":673,"column":14},"end":{"line":673,"column":29}},"44":{"start":{"line":696,"column":14},"end":{"line":696,"column":30}},"45":{"start":{"line":733,"column":16},"end":{"line":733,"column":31}},"46":{"start":{"line":770,"column":14},"end":{"line":770,"column":30}},"47":{"start":{"line":783,"column":12},"end":{"line":783,"column":42}},"48":{"start":{"line":791,"column":14},"end":{"line":791,"column":31}}},"fnMap":{"0":{"name":"(anonymous_10)","decl":{"start":{"line":7,"column":8},"end":{"line":7,"column":11}},"loc":{"start":{"line":8,"column":4},"end":{"line":9,"column":null}}},"1":{"name":"(anonymous_11)","decl":{"start":{"line":12,"column":10},"end":{"line":12,"column":13}},"loc":{"start":{"line":13,"column":4},"end":{"line":14,"column":null}}},"2":{"name":"(anonymous_12)","decl":{"start":{"line":17,"column":8},"end":{"line":17,"column":11}},"loc":{"start":{"line":18,"column":4},"end":{"line":20,"column":null}}},"3":{"name":"(anonymous_13)","decl":{"start":{"line":23,"column":7},"end":{"line":23,"column":10}},"loc":{"start":{"line":24,"column":4},"end":{"line":26,"column":null}}},"4":{"name":"(anonymous_14)","decl":{"start":{"line":29,"column":11},"end":{"line":29,"column":14}},"loc":{"start":{"line":30,"column":4},"end":{"line":32,"column":null}}},"5":{"name":"(anonymous_15)","decl":{"start":{"line":35,"column":8},"end":{"line":35,"column":11}},"loc":{"start":{"line":36,"column":4},"end":{"line":37,"column":null}}},"6":{"name":"(anonymous_16)","decl":{"start":{"line":40,"column":9},"end":{"line":40,"column":12}},"loc":{"start":{"line":41,"column":4},"end":{"line":42,"column":null}}},"7":{"name":"(anonymous_17)","decl":{"start":{"line":45,"column":16},"end":{"line":45,"column":19}},"loc":{"start":{"line":46,"column":4},"end":{"line":47,"column":null}}},"8":{"name":"(anonymous_18)","decl":{"start":{"line":50,"column":11},"end":{"line":50,"column":14}},"loc":{"start":{"line":51,"column":4},"end":{"line":53,"column":null}}},"9":{"name":"CopyButton","decl":{"start":{"line":59,"column":9},"end":{"line":59,"column":19}},"loc":{"start":{"line":59,"column":46},"end":{"line":84,"column":1}}},"10":{"name":"(anonymous_20)","decl":{"start":{"line":61,"column":17},"end":{"line":61,"column":20}},"loc":{"start":{"line":61,"column":22},"end":{"line":65,"column":3}}},"11":{"name":"(anonymous_21)","decl":{"start":{"line":64,"column":15},"end":{"line":64,"column":18}},"loc":{"start":{"line":64,"column":21},"end":{"line":64,"column":37}}},"12":{"name":"CodeBlock","decl":{"start":{"line":87,"column":9},"end":{"line":87,"column":18}},"loc":{"start":{"line":87,"column":68},"end":{"line":116,"column":1}}},"13":{"name":"PromptCard","decl":{"start":{"line":119,"column":9},"end":{"line":119,"column":19}},"loc":{"start":{"line":121,"column":1},"end":{"line":160,"column":1}}},"14":{"name":"Section","decl":{"start":{"line":163,"column":9},"end":{"line":163,"column":16}},"loc":{"start":{"line":165,"column":1},"end":{"line":188,"column":1}}},"15":{"name":"FieldRow","decl":{"start":{"line":191,"column":9},"end":{"line":191,"column":17}},"loc":{"start":{"line":193,"column":1},"end":{"line":209,"column":1}}},"16":{"name":"DocsClient","decl":{"start":{"line":409,"column":24},"end":{"line":409,"column":34}},"loc":{"start":{"line":409,"column":34},"end":{"line":837,"column":1}}},"17":{"name":"(anonymous_27)","decl":{"start":{"line":418,"column":17},"end":{"line":418,"column":20}},"loc":{"start":{"line":418,"column":23},"end":{"line":418,"column":52}}},"18":{"name":"(anonymous_28)","decl":{"start":{"line":418,"column":44},"end":{"line":418,"column":45}},"loc":{"start":{"line":418,"column":49},"end":{"line":418,"column":51}}},"19":{"name":"(anonymous_29)","decl":{"start":{"line":439,"column":19},"end":{"line":439,"column":22}},"loc":{"start":{"line":439,"column":25},"end":{"line":439,"column":52}}},"20":{"name":"(anonymous_30)","decl":{"start":{"line":467,"column":26},"end":{"line":467,"column":27}},"loc":{"start":{"line":468,"column":10},"end":{"line":469,"column":null}}},"21":{"name":"(anonymous_31)","decl":{"start":{"line":471,"column":21},"end":{"line":471,"column":24}},"loc":{"start":{"line":471,"column":26},"end":{"line":471,"column":81}}},"22":{"name":"(anonymous_32)","decl":{"start":{"line":531,"column":18},"end":{"line":531,"column":19}},"loc":{"start":{"line":532,"column":14},"end":{"line":532,"column":28}}},"23":{"name":"(anonymous_33)","decl":{"start":{"line":568,"column":18},"end":{"line":568,"column":19}},"loc":{"start":{"line":569,"column":14},"end":{"line":569,"column":31}}},"24":{"name":"(anonymous_34)","decl":{"start":{"line":627,"column":67},"end":{"line":627,"column":68}},"loc":{"start":{"line":628,"column":20},"end":{"line":628,"column":32}}},"25":{"name":"(anonymous_35)","decl":{"start":{"line":672,"column":100},"end":{"line":672,"column":101}},"loc":{"start":{"line":673,"column":14},"end":{"line":673,"column":29}}},"26":{"name":"(anonymous_36)","decl":{"start":{"line":695,"column":18},"end":{"line":695,"column":19}},"loc":{"start":{"line":696,"column":14},"end":{"line":696,"column":30}}},"27":{"name":"(anonymous_37)","decl":{"start":{"line":732,"column":20},"end":{"line":732,"column":21}},"loc":{"start":{"line":733,"column":16},"end":{"line":733,"column":31}}},"28":{"name":"(anonymous_38)","decl":{"start":{"line":769,"column":18},"end":{"line":769,"column":19}},"loc":{"start":{"line":770,"column":14},"end":{"line":770,"column":30}}},"29":{"name":"(anonymous_39)","decl":{"start":{"line":782,"column":23},"end":{"line":782,"column":24}},"loc":{"start":{"line":783,"column":12},"end":{"line":783,"column":42}}},"30":{"name":"(anonymous_40)","decl":{"start":{"line":790,"column":22},"end":{"line":790,"column":23}},"loc":{"start":{"line":791,"column":14},"end":{"line":791,"column":31}}}},"branchMap":{"0":{"loc":{"start":{"line":75,"column":20},"end":{"line":75,"column":79}},"type":"cond-expr","locations":[{"start":{"line":75,"column":29},"end":{"line":75,"column":52}},{"start":{"line":75,"column":55},"end":{"line":75,"column":79}}]},"1":{"loc":{"start":{"line":76,"column":16},"end":{"line":76,"column":93}},"type":"cond-expr","locations":[{"start":{"line":76,"column":25},"end":{"line":76,"column":57}},{"start":{"line":76,"column":60},"end":{"line":76,"column":93}}]},"2":{"loc":{"start":{"line":77,"column":15},"end":{"line":77,"column":45}},"type":"cond-expr","locations":[{"start":{"line":77,"column":24},"end":{"line":77,"column":33}},{"start":{"line":77,"column":36},"end":{"line":77,"column":45}}]},"3":{"loc":{"start":{"line":80,"column":7},"end":{"line":80,"column":46}},"type":"cond-expr","locations":[{"start":{"line":80,"column":16},"end":{"line":80,"column":30}},{"start":{"line":80,"column":33},"end":{"line":80,"column":46}}]},"4":{"loc":{"start":{"line":81,"column":7},"end":{"line":81,"column":34}},"type":"cond-expr","locations":[{"start":{"line":81,"column":16},"end":{"line":81,"column":25}},{"start":{"line":81,"column":28},"end":{"line":81,"column":34}}]},"5":{"loc":{"start":{"line":95,"column":7},"end":{"line":104,"column":null}},"type":"binary-expr","locations":[{"start":{"line":95,"column":7},"end":{"line":95,"column":12}},{"start":{"line":96,"column":8},"end":{"line":103,"column":null}}]},"6":{"loc":{"start":{"line":198,"column":9},"end":{"line":198,"column":178}},"type":"binary-expr","locations":[{"start":{"line":198,"column":9},"end":{"line":198,"column":17}},{"start":{"line":198,"column":21},"end":{"line":198,"column":178}}]},"7":{"loc":{"start":{"line":433,"column":9},"end":{"line":433,"column":53}},"type":"cond-expr","locations":[{"start":{"line":433,"column":29},"end":{"line":433,"column":38}},{"start":{"line":433,"column":41},"end":{"line":433,"column":53}}]},"8":{"loc":{"start":{"line":437,"column":7},"end":{"line":446,"column":null}},"type":"binary-expr","locations":[{"start":{"line":437,"column":7},"end":{"line":437,"column":24}},{"start":{"line":438,"column":8},"end":{"line":445,"column":null}}]},"9":{"loc":{"start":{"line":459,"column":34},"end":{"line":459,"column":66}},"type":"cond-expr","locations":[{"start":{"line":459,"column":54},"end":{"line":459,"column":61}},{"start":{"line":459,"column":64},"end":{"line":459,"column":66}}]},"10":{"loc":{"start":{"line":474,"column":49},"end":{"line":474,"column":81}},"type":"cond-expr","locations":[{"start":{"line":474,"column":72},"end":{"line":474,"column":75}},{"start":{"line":474,"column":78},"end":{"line":474,"column":81}}]},"11":{"loc":{"start":{"line":475,"column":21},"end":{"line":475,"column":65}},"type":"cond-expr","locations":[{"start":{"line":475,"column":44},"end":{"line":475,"column":53}},{"start":{"line":475,"column":56},"end":{"line":475,"column":65}}]},"12":{"loc":{"start":{"line":476,"column":26},"end":{"line":476,"column":88}},"type":"cond-expr","locations":[{"start":{"line":476,"column":49},"end":{"line":476,"column":72}},{"start":{"line":476,"column":75},"end":{"line":476,"column":88}}]},"13":{"loc":{"start":{"line":477,"column":26},"end":{"line":477,"column":94}},"type":"cond-expr","locations":[{"start":{"line":477,"column":49},"end":{"line":477,"column":68}},{"start":{"line":477,"column":71},"end":{"line":477,"column":94}}]},"14":{"loc":{"start":{"line":574,"column":17},"end":{"line":581,"column":null}},"type":"binary-expr","locations":[{"start":{"line":574,"column":17},"end":{"line":574,"column":26}},{"start":{"line":575,"column":18},"end":{"line":581,"column":39}}]},"15":{"loc":{"start":{"line":674,"column":17},"end":{"line":674,"column":89}},"type":"binary-expr","locations":[{"start":{"line":674,"column":17},"end":{"line":674,"column":22}},{"start":{"line":674,"column":26},"end":{"line":674,"column":89}}]},"16":{"loc":{"start":{"line":678,"column":30},"end":{"line":678,"column":161}},"type":"cond-expr","locations":[{"start":{"line":678,"column":40},"end":{"line":678,"column":63}},{"start":{"line":678,"column":66},"end":{"line":678,"column":161}}]},"17":{"loc":{"start":{"line":678,"column":66},"end":{"line":678,"column":161}},"type":"cond-expr","locations":[{"start":{"line":678,"column":76},"end":{"line":678,"column":98}},{"start":{"line":678,"column":101},"end":{"line":678,"column":161}}]},"18":{"loc":{"start":{"line":678,"column":101},"end":{"line":678,"column":161}},"type":"cond-expr","locations":[{"start":{"line":678,"column":111},"end":{"line":678,"column":134}},{"start":{"line":678,"column":137},"end":{"line":678,"column":161}}]},"19":{"loc":{"start":{"line":679,"column":25},"end":{"line":679,"column":100}},"type":"cond-expr","locations":[{"start":{"line":679,"column":35},"end":{"line":679,"column":44}},{"start":{"line":679,"column":47},"end":{"line":679,"column":100}}]},"20":{"loc":{"start":{"line":679,"column":47},"end":{"line":679,"column":100}},"type":"cond-expr","locations":[{"start":{"line":679,"column":57},"end":{"line":679,"column":66}},{"start":{"line":679,"column":69},"end":{"line":679,"column":100}}]},"21":{"loc":{"start":{"line":679,"column":69},"end":{"line":679,"column":100}},"type":"cond-expr","locations":[{"start":{"line":679,"column":79},"end":{"line":679,"column":88}},{"start":{"line":679,"column":91},"end":{"line":679,"column":100}}]},"22":{"loc":{"start":{"line":680,"column":39},"end":{"line":680,"column":134}},"type":"cond-expr","locations":[{"start":{"line":680,"column":49},"end":{"line":680,"column":72}},{"start":{"line":680,"column":75},"end":{"line":680,"column":134}}]},"23":{"loc":{"start":{"line":680,"column":75},"end":{"line":680,"column":134}},"type":"cond-expr","locations":[{"start":{"line":680,"column":85},"end":{"line":680,"column":107}},{"start":{"line":680,"column":110},"end":{"line":680,"column":134}}]}},"s":{"0":0,"1":0,"2":0,"3":0,"4":0,"5":0,"6":0,"7":0,"8":0,"9":0,"10":0,"11":0,"12":0,"13":0,"14":0,"15":0,"16":0,"17":0,"18":0,"19":0,"20":0,"21":0,"22":0,"23":0,"24":0,"25":0,"26":0,"27":0,"28":0,"29":0,"30":0,"31":0,"32":0,"33":0,"34":0,"35":0,"36":0,"37":0,"38":0,"39":0,"40":0,"41":0,"42":0,"43":0,"44":0,"45":0,"46":0,"47":0,"48":0},"f":{"0":0,"1":0,"2":0,"3":0,"4":0,"5":0,"6":0,"7":0,"8":0,"9":0,"10":0,"11":0,"12":0,"13":0,"14":0,"15":0,"16":0,"17":0,"18":0,"19":0,"20":0,"21":0,"22":0,"23":0,"24":0,"25":0,"26":0,"27":0,"28":0,"29":0,"30":0},"b":{"0":[0,0],"1":[0,0],"2":[0,0],"3":[0,0],"4":[0,0],"5":[0,0],"6":[0,0],"7":[0,0],"8":[0,0],"9":[0,0],"10":[0,0],"11":[0,0],"12":[0,0],"13":[0,0],"14":[0,0],"15":[0,0],"16":[0,0],"17":[0,0],"18":[0,0],"19":[0,0],"20":[0,0],"21":[0,0],"22":[0,0],"23":[0,0]}}
,"/home/bytesage/Desktop/cbt_project/app/docs/page.tsx": {"path":"/home/bytesage/Desktop/cbt_project/app/docs/page.tsx","statementMap":{"0":{"start":{"line":10,"column":0},"end":{"line":10,"column":24}},"1":{"start":{"line":2,"column":0},"end":{"line":2,"column":38}},"2":{"start":{"line":4,"column":13},"end":{"line":8,"column":2}},"3":{"start":{"line":11,"column":2},"end":{"line":11,"column":24}}},"fnMap":{"0":{"name":"DocsPage","decl":{"start":{"line":10,"column":24},"end":{"line":10,"column":32}},"loc":{"start":{"line":10,"column":32},"end":{"line":12,"column":1}}}},"branchMap":{},"s":{"0":0,"1":0,"2":0,"3":0},"f":{"0":0},"b":{}}
,"/home/bytesage/Desktop/cbt_project/app/exam/[courseId]/page.tsx": {"path":"/home/bytesage/Desktop/cbt_project/app/exam/[courseId]/page.tsx","statementMap":{"0":{"start":{"line":8,"column":0},"end":{"line":8,"column":24}},"1":{"start":{"line":2,"column":0},"end":{"line":2,"column":64}},"2":{"start":{"line":3,"column":0},"end":{"line":3,"column":47}},"3":{"start":{"line":4,"column":0},"end":{"line":4,"column":53}},"4":{"start":{"line":5,"column":0},"end":{"line":5,"column":47}},"5":{"start":{"line":9,"column":36},"end":{"line":9,"column":60}},"6":{"start":{"line":10,"column":38},"end":{"line":10,"column":49}},"7":{"start":{"line":11,"column":38},"end":{"line":11,"column":74}},"8":{"start":{"line":12,"column":38},"end":{"line":12,"column":55}},"9":{"start":{"line":13,"column":38},"end":{"line":13,"column":53}},"10":{"start":{"line":14,"column":38},"end":{"line":14,"column":49}},"11":{"start":{"line":15,"column":38},"end":{"line":15,"column":64}},"12":{"start":{"line":15,"column":53},"end":{"line":15,"column":63}},"13":{"start":{"line":16,"column":38},"end":{"line":16,"column":53}},"14":{"start":{"line":18,"column":2},"end":{"line":26,"column":9}},"15":{"start":{"line":19,"column":23},"end":{"line":24,"column":5}},"16":{"start":{"line":20,"column":18},"end":{"line":20,"column":44}},"17":{"start":{"line":21,"column":18},"end":{"line":21,"column":34}},"18":{"start":{"line":22,"column":18},"end":{"line":22,"column":71}},"19":{"start":{"line":22,"column":39},"end":{"line":22,"column":70}},"20":{"start":{"line":23,"column":6},"end":{"line":23,"column":58}},"21":{"start":{"line":23,"column":22},"end":{"line":23,"column":58}},"22":{"start":{"line":25,"column":4},"end":{"line":25,"column":17}},"23":{"start":{"line":28,"column":2},"end":{"line":34,"column":24}},"24":{"start":{"line":29,"column":17},"end":{"line":32,"column":5}},"25":{"start":{"line":30,"column":18},"end":{"line":30,"column":110}},"26":{"start":{"line":31,"column":6},"end":{"line":31,"column":37}},"27":{"start":{"line":33,"column":4},"end":{"line":33,"column":11}},"28":{"start":{"line":36,"column":23},"end":{"line":38,"column":3}},"29":{"start":{"line":37,"column":4},"end":{"line":37,"column":73}},"30":{"start":{"line":37,"column":25},"end":{"line":37,"column":71}},"31":{"start":{"line":40,"column":17},"end":{"line":43,"column":17}},"32":{"start":{"line":41,"column":4},"end":{"line":41,"column":62}},"33":{"start":{"line":42,"column":4},"end":{"line":42,"column":22}},"34":{"start":{"line":45,"column":2},"end":{"line":54,"column":3}},"35":{"start":{"line":46,"column":4},"end":{"line":53,"column":6}},"36":{"start":{"line":56,"column":2},"end":{"line":67,"column":3}},"37":{"start":{"line":57,"column":20},"end":{"line":57,"column":78}},"38":{"start":{"line":57,"column":44},"end":{"line":57,"column":70}},"39":{"start":{"line":58,"column":20},"end":{"line":58,"column":94}},"40":{"start":{"line":58,"column":41},"end":{"line":58,"column":94}},"41":{"start":{"line":59,"column":4},"end":{"line":66,"column":6}},"42":{"start":{"line":69,"column":24},"end":{"line":69,"column":51}},"43":{"start":{"line":70,"column":26},"end":{"line":70,"column":47}},"44":{"start":{"line":72,"column":2},"end":{"line":185,"column":4}},"45":{"start":{"line":112,"column":27},"end":{"line":112,"column":54}},"46":{"start":{"line":112,"column":48},"end":{"line":112,"column":53}},"47":{"start":{"line":120,"column":29},"end":{"line":120,"column":56}},"48":{"start":{"line":120,"column":50},"end":{"line":120,"column":55}},"49":{"start":{"line":139,"column":27},"end":{"line":139,"column":46}},"50":{"start":{"line":139,"column":43},"end":{"line":139,"column":45}},"51":{"start":{"line":150,"column":35},"end":{"line":150,"column":62}},"52":{"start":{"line":151,"column":35},"end":{"line":151,"column":51}},"53":{"start":{"line":152,"column":16},"end":{"line":174,"column":18}},"54":{"start":{"line":155,"column":35},"end":{"line":155,"column":51}}},"fnMap":{"0":{"name":"ExamPage","decl":{"start":{"line":8,"column":24},"end":{"line":8,"column":32}},"loc":{"start":{"line":8,"column":77},"end":{"line":186,"column":1}}},"1":{"name":"(anonymous_11)","decl":{"start":{"line":15,"column":47},"end":{"line":15,"column":50}},"loc":{"start":{"line":15,"column":53},"end":{"line":15,"column":63}}},"2":{"name":"(anonymous_12)","decl":{"start":{"line":18,"column":12},"end":{"line":18,"column":15}},"loc":{"start":{"line":18,"column":17},"end":{"line":26,"column":3}}},"3":{"name":"(anonymous_13)","decl":{"start":{"line":19,"column":23},"end":{"line":19,"column":28}},"loc":{"start":{"line":19,"column":34},"end":{"line":24,"column":5}}},"4":{"name":"(anonymous_14)","decl":{"start":{"line":22,"column":27},"end":{"line":22,"column":28}},"loc":{"start":{"line":22,"column":39},"end":{"line":22,"column":70}}},"5":{"name":"(anonymous_15)","decl":{"start":{"line":28,"column":12},"end":{"line":28,"column":15}},"loc":{"start":{"line":28,"column":17},"end":{"line":34,"column":3}}},"6":{"name":"(anonymous_16)","decl":{"start":{"line":29,"column":17},"end":{"line":29,"column":22}},"loc":{"start":{"line":29,"column":28},"end":{"line":32,"column":5}}},"7":{"name":"(anonymous_17)","decl":{"start":{"line":36,"column":23},"end":{"line":36,"column":24}},"loc":{"start":{"line":36,"column":39},"end":{"line":38,"column":3}}},"8":{"name":"(anonymous_18)","decl":{"start":{"line":37,"column":15},"end":{"line":37,"column":16}},"loc":{"start":{"line":37,"column":25},"end":{"line":37,"column":71}}},"9":{"name":"(anonymous_19)","decl":{"start":{"line":40,"column":29},"end":{"line":40,"column":32}},"loc":{"start":{"line":40,"column":34},"end":{"line":43,"column":3}}},"10":{"name":"(anonymous_20)","decl":{"start":{"line":57,"column":37},"end":{"line":57,"column":38}},"loc":{"start":{"line":57,"column":44},"end":{"line":57,"column":70}}},"11":{"name":"(anonymous_21)","decl":{"start":{"line":58,"column":34},"end":{"line":58,"column":35}},"loc":{"start":{"line":58,"column":40},"end":{"line":58,"column":94}}},"12":{"name":"(anonymous_22)","decl":{"start":{"line":112,"column":21},"end":{"line":112,"column":24}},"loc":{"start":{"line":112,"column":27},"end":{"line":112,"column":54}}},"13":{"name":"(anonymous_23)","decl":{"start":{"line":112,"column":41},"end":{"line":112,"column":42}},"loc":{"start":{"line":112,"column":48},"end":{"line":112,"column":53}}},"14":{"name":"(anonymous_24)","decl":{"start":{"line":120,"column":23},"end":{"line":120,"column":26}},"loc":{"start":{"line":120,"column":29},"end":{"line":120,"column":56}}},"15":{"name":"(anonymous_25)","decl":{"start":{"line":120,"column":43},"end":{"line":120,"column":44}},"loc":{"start":{"line":120,"column":50},"end":{"line":120,"column":55}}},"16":{"name":"(anonymous_26)","decl":{"start":{"line":139,"column":21},"end":{"line":139,"column":24}},"loc":{"start":{"line":139,"column":27},"end":{"line":139,"column":46}}},"17":{"name":"(anonymous_27)","decl":{"start":{"line":139,"column":38},"end":{"line":139,"column":39}},"loc":{"start":{"line":139,"column":43},"end":{"line":139,"column":45}}},"18":{"name":"(anonymous_28)","decl":{"start":{"line":149,"column":29},"end":{"line":149,"column":30}},"loc":{"start":{"line":149,"column":38},"end":{"line":175,"column":15}}},"19":{"name":"(anonymous_29)","decl":{"start":{"line":155,"column":29},"end":{"line":155,"column":32}},"loc":{"start":{"line":155,"column":35},"end":{"line":155,"column":51}}}},"branchMap":{"0":{"loc":{"start":{"line":23,"column":6},"end":{"line":23,"column":58}},"type":"if","locations":[{"start":{"line":23,"column":6},"end":{"line":23,"column":58}}]},"1":{"loc":{"start":{"line":23,"column":10},"end":{"line":23,"column":20}},"type":"cond-expr","locations":[{"start":{"line":23,"column":13},"end":{"line":23,"column":15}},{"start":{"line":23,"column":10},"end":{"line":23,"column":20}}]},"2":{"loc":{"start":{"line":23,"column":10},"end":{"line":23,"column":15}},"type":"binary-expr","locations":[{"start":{"line":23,"column":10},"end":{"line":23,"column":15}},{"start":{"line":23,"column":10},"end":{"line":23,"column":15}}]},"3":{"loc":{"start":{"line":45,"column":2},"end":{"line":54,"column":3}},"type":"if","locations":[{"start":{"line":45,"column":2},"end":{"line":54,"column":3}}]},"4":{"loc":{"start":{"line":56,"column":2},"end":{"line":67,"column":3}},"type":"if","locations":[{"start":{"line":56,"column":2},"end":{"line":67,"column":3}}]},"5":{"loc":{"start":{"line":58,"column":69},"end":{"line":58,"column":90}},"type":"cond-expr","locations":[{"start":{"line":58,"column":82},"end":{"line":58,"column":86}},{"start":{"line":58,"column":86},"end":{"line":58,"column":90}}]},"6":{"loc":{"start":{"line":58,"column":69},"end":{"line":58,"column":86}},"type":"binary-expr","locations":[{"start":{"line":58,"column":69},"end":{"line":58,"column":86}},{"start":{"line":58,"column":82},"end":{"line":58,"column":86}}]},"7":{"loc":{"start":{"line":103,"column":26},"end":{"line":103,"column":61}},"type":"cond-expr","locations":[{"start":{"line":103,"column":53},"end":{"line":103,"column":57}},{"start":{"line":103,"column":57},"end":{"line":103,"column":61}}]},"8":{"loc":{"start":{"line":103,"column":26},"end":{"line":103,"column":57}},"type":"binary-expr","locations":[{"start":{"line":103,"column":26},"end":{"line":103,"column":57}},{"start":{"line":103,"column":53},"end":{"line":103,"column":57}}]},"9":{"loc":{"start":{"line":117,"column":11},"end":{"line":129,"column":null}},"type":"cond-expr","locations":[{"start":{"line":118,"column":12},"end":{"line":123,"column":null}},{"start":{"line":126,"column":12},"end":{"line":128,"column":null}}]},"10":{"loc":{"start":{"line":142,"column":15},"end":{"line":142,"column":99}},"type":"cond-expr","locations":[{"start":{"line":142,"column":25},"end":{"line":142,"column":61}},{"start":{"line":142,"column":64},"end":{"line":142,"column":99}}]},"11":{"loc":{"start":{"line":147,"column":11},"end":{"line":176,"column":null}},"type":"binary-expr","locations":[{"start":{"line":147,"column":11},"end":{"line":147,"column":18}},{"start":{"line":148,"column":12},"end":{"line":175,"column":null}}]},"12":{"loc":{"start":{"line":159,"column":34},"end":{"line":163,"column":47}},"type":"cond-expr","locations":[{"start":{"line":160,"column":26},"end":{"line":160,"column":39}},{"start":{"line":161,"column":26},"end":{"line":163,"column":47}}]},"13":{"loc":{"start":{"line":161,"column":26},"end":{"line":163,"column":47}},"type":"cond-expr","locations":[{"start":{"line":162,"column":26},"end":{"line":162,"column":49}},{"start":{"line":163,"column":26},"end":{"line":163,"column":47}}]},"14":{"loc":{"start":{"line":164,"column":29},"end":{"line":164,"column":100}},"type":"cond-expr","locations":[{"start":{"line":164,"column":41},"end":{"line":164,"column":54}},{"start":{"line":164,"column":57},"end":{"line":164,"column":100}}]},"15":{"loc":{"start":{"line":164,"column":57},"end":{"line":164,"column":100}},"type":"cond-expr","locations":[{"start":{"line":164,"column":70},"end":{"line":164,"column":83}},{"start":{"line":164,"column":86},"end":{"line":164,"column":100}}]},"16":{"loc":{"start":{"line":165,"column":35},"end":{"line":169,"column":41}},"type":"cond-expr","locations":[{"start":{"line":166,"column":26},"end":{"line":166,"column":39}},{"start":{"line":167,"column":26},"end":{"line":169,"column":41}}]},"17":{"loc":{"start":{"line":167,"column":26},"end":{"line":169,"column":41}},"type":"cond-expr","locations":[{"start":{"line":168,"column":26},"end":{"line":168,"column":49}},{"start":{"line":169,"column":26},"end":{"line":169,"column":41}}]}},"s":{"0":0,"1":0,"2":0,"3":0,"4":0,"5":0,"6":0,"7":0,"8":0,"9":0,"10":0,"11":0,"12":0,"13":0,"14":0,"15":0,"16":0,"17":0,"18":0,"19":0,"20":0,"21":0,"22":0,"23":0,"24":0,"25":0,"26":0,"27":0,"28":0,"29":0,"30":0,"31":0,"32":0,"33":0,"34":0,"35":0,"36":0,"37":0,"38":0,"39":0,"40":0,"41":0,"42":0,"43":0,"44":0,"45":0,"46":0,"47":0,"48":0,"49":0,"50":0,"51":0,"52":0,"53":0,"54":0},"f":{"0":0,"1":0,"2":0,"3":0,"4":0,"5":0,"6":0,"7":0,"8":0,"9":0,"10":0,"11":0,"12":0,"13":0,"14":0,"15":0,"16":0,"17":0,"18":0,"19":0},"b":{"0":[0],"1":[0,0],"2":[0,0],"3":[0],"4":[0],"5":[0,0],"6":[0,0],"7":[0,0],"8":[0,0],"9":[0,0],"10":[0,0],"11":[0,0],"12":[0,0],"13":[0,0],"14":[0,0],"15":[0,0],"16":[0,0],"17":[0,0]}}
,"/home/bytesage/Desktop/cbt_project/app/subjects/[id]/page.tsx": {"path":"/home/bytesage/Desktop/cbt_project/app/subjects/[id]/page.tsx","statementMap":{"0":{"start":{"line":21,"column":0},"end":{"line":21,"column":15}},"1":{"start":{"line":1,"column":0},"end":{"line":1,"column":26}},"2":{"start":{"line":2,"column":0},"end":{"line":2,"column":29}},"3":{"start":{"line":3,"column":0},"end":{"line":3,"column":55}},"4":{"start":{"line":4,"column":0},"end":{"line":4,"column":57}},"5":{"start":{"line":19,"column":13},"end":{"line":19,"column":39}},"6":{"start":{"line":26,"column":17},"end":{"line":26,"column":29}},"7":{"start":{"line":27,"column":14},"end":{"line":27,"column":83}},"8":{"start":{"line":28,"column":27},"end":{"line":28,"column":43}},"9":{"start":{"line":30,"column":25},"end":{"line":30,"column":88}},"10":{"start":{"line":30,"column":60},"end":{"line":30,"column":84}},"11":{"start":{"line":32,"column":2},"end":{"line":86,"column":4}},"12":{"start":{"line":77,"column":45},"end":{"line":81,"column":10}}},"fnMap":{"0":{"name":"SubjectPage","decl":{"start":{"line":21,"column":30},"end":{"line":21,"column":41}},"loc":{"start":{"line":25,"column":1},"end":{"line":87,"column":1}}},"1":{"name":"(anonymous_2)","decl":{"start":{"line":30,"column":48},"end":{"line":30,"column":49}},"loc":{"start":{"line":30,"column":60},"end":{"line":30,"column":84}}},"2":{"name":"(anonymous_3)","decl":{"start":{"line":77,"column":37},"end":{"line":77,"column":38}},"loc":{"start":{"line":77,"column":45},"end":{"line":81,"column":10}}}},"branchMap":{"0":{"loc":{"start":{"line":67,"column":7},"end":{"line":70,"column":null}},"type":"binary-expr","locations":[{"start":{"line":67,"column":7},"end":{"line":67,"column":33}},{"start":{"line":68,"column":8},"end":{"line":69,"column":null}}]}},"s":{"0":0,"1":0,"2":0,"3":0,"4":0,"5":0,"6":0,"7":0,"8":0,"9":0,"10":0,"11":0,"12":0},"f":{"0":0,"1":0,"2":0},"b":{"0":[0,0]}}
,"/home/bytesage/Desktop/cbt_project/components/AddCourseForm.tsx": {"path":"/home/bytesage/Desktop/cbt_project/components/AddCourseForm.tsx","statementMap":{"0":{"start":{"line":4,"column":0},"end":{"line":4,"column":24}},"1":{"start":{"line":2,"column":0},"end":{"line":2,"column":33}},"2":{"start":{"line":5,"column":30},"end":{"line":5,"column":45}},"3":{"start":{"line":6,"column":30},"end":{"line":6,"column":42}},"4":{"start":{"line":7,"column":32},"end":{"line":7,"column":47}},"5":{"start":{"line":9,"column":17},"end":{"line":19,"column":3}},"6":{"start":{"line":10,"column":4},"end":{"line":10,"column":23}},"7":{"start":{"line":11,"column":4},"end":{"line":11,"column":21}},"8":{"start":{"line":12,"column":16},"end":{"line":16,"column":6}},"9":{"start":{"line":17,"column":4},"end":{"line":17,"column":22}},"10":{"start":{"line":18,"column":4},"end":{"line":18,"column":41}},"11":{"start":{"line":18,"column":16},"end":{"line":18,"column":41}},"12":{"start":{"line":21,"column":2},"end":{"line":30,"column":3}},"13":{"start":{"line":22,"column":4},"end":{"line":29,"column":6}},"14":{"start":{"line":24,"column":57},"end":{"line":24,"column":70}},"15":{"start":{"line":32,"column":2},"end":{"line":59,"column":4}},"16":{"start":{"line":39,"column":27},"end":{"line":39,"column":41}},"17":{"start":{"line":48,"column":104},"end":{"line":48,"column":128}},"18":{"start":{"line":51,"column":78},"end":{"line":51,"column":92}}},"fnMap":{"0":{"name":"AddCourseForm","decl":{"start":{"line":4,"column":24},"end":{"line":4,"column":37}},"loc":{"start":{"line":4,"column":74},"end":{"line":60,"column":1}}},"1":{"name":"(anonymous_1)","decl":{"start":{"line":9,"column":17},"end":{"line":9,"column":22}},"loc":{"start":{"line":9,"column":46},"end":{"line":19,"column":3}}},"2":{"name":"(anonymous_2)","decl":{"start":{"line":24,"column":51},"end":{"line":24,"column":54}},"loc":{"start":{"line":24,"column":57},"end":{"line":24,"column":70}}},"3":{"name":"(anonymous_3)","decl":{"start":{"line":39,"column":21},"end":{"line":39,"column":24}},"loc":{"start":{"line":39,"column":27},"end":{"line":39,"column":41}}},"4":{"name":"(anonymous_4)","decl":{"start":{"line":48,"column":97},"end":{"line":48,"column":98}},"loc":{"start":{"line":48,"column":104},"end":{"line":48,"column":128}}},"5":{"name":"(anonymous_5)","decl":{"start":{"line":51,"column":72},"end":{"line":51,"column":75}},"loc":{"start":{"line":51,"column":78},"end":{"line":51,"column":92}}}},"branchMap":{"0":{"loc":{"start":{"line":18,"column":4},"end":{"line":18,"column":41}},"type":"if","locations":[{"start":{"line":18,"column":4},"end":{"line":18,"column":41}}]},"1":{"loc":{"start":{"line":21,"column":2},"end":{"line":30,"column":3}},"type":"if","locations":[{"start":{"line":21,"column":2},"end":{"line":30,"column":3}}]},"2":{"loc":{"start":{"line":53,"column":15},"end":{"line":53,"column":201}},"type":"cond-expr","locations":[{"start":{"line":53,"column":25},"end":{"line":53,"column":183}},{"start":{"line":53,"column":186},"end":{"line":53,"column":201}}]}},"s":{"0":0,"1":0,"2":0,"3":0,"4":0,"5":0,"6":0,"7":0,"8":0,"9":0,"10":0,"11":0,"12":0,"13":0,"14":0,"15":0,"16":0,"17":0,"18":0},"f":{"0":0,"1":0,"2":0,"3":0,"4":0,"5":0},"b":{"0":[0],"1":[0],"2":[0,0]}}
,"/home/bytesage/Desktop/cbt_project/components/AddSubjectForm.tsx": {"path":"/home/bytesage/Desktop/cbt_project/components/AddSubjectForm.tsx","statementMap":{"0":{"start":{"line":5,"column":0},"end":{"line":5,"column":24}},"1":{"start":{"line":3,"column":0},"end":{"line":3,"column":33}},"2":{"start":{"line":6,"column":40},"end":{"line":6,"column":55}},"3":{"start":{"line":7,"column":40},"end":{"line":7,"column":52}},"4":{"start":{"line":8,"column":40},"end":{"line":8,"column":52}},"5":{"start":{"line":9,"column":40},"end":{"line":9,"column":55}},"6":{"start":{"line":11,"column":17},"end":{"line":21,"column":3}},"7":{"start":{"line":12,"column":4},"end":{"line":12,"column":23}},"8":{"start":{"line":13,"column":4},"end":{"line":13,"column":21}},"9":{"start":{"line":14,"column":16},"end":{"line":18,"column":6}},"10":{"start":{"line":19,"column":4},"end":{"line":19,"column":22}},"11":{"start":{"line":20,"column":4},"end":{"line":20,"column":41}},"12":{"start":{"line":20,"column":16},"end":{"line":20,"column":41}},"13":{"start":{"line":23,"column":2},"end":{"line":35,"column":3}},"14":{"start":{"line":24,"column":4},"end":{"line":34,"column":6}},"15":{"start":{"line":28,"column":25},"end":{"line":28,"column":38}},"16":{"start":{"line":37,"column":2},"end":{"line":68,"column":4}},"17":{"start":{"line":44,"column":27},"end":{"line":44,"column":41}},"18":{"start":{"line":53,"column":94},"end":{"line":53,"column":117}},"19":{"start":{"line":57,"column":131},"end":{"line":57,"column":161}},"20":{"start":{"line":60,"column":78},"end":{"line":60,"column":92}}},"fnMap":{"0":{"name":"AddSubjectForm","decl":{"start":{"line":5,"column":24},"end":{"line":5,"column":38}},"loc":{"start":{"line":5,"column":38},"end":{"line":69,"column":1}}},"1":{"name":"(anonymous_1)","decl":{"start":{"line":11,"column":17},"end":{"line":11,"column":22}},"loc":{"start":{"line":11,"column":46},"end":{"line":21,"column":3}}},"2":{"name":"(anonymous_2)","decl":{"start":{"line":28,"column":19},"end":{"line":28,"column":22}},"loc":{"start":{"line":28,"column":25},"end":{"line":28,"column":38}}},"3":{"name":"(anonymous_3)","decl":{"start":{"line":44,"column":21},"end":{"line":44,"column":24}},"loc":{"start":{"line":44,"column":27},"end":{"line":44,"column":41}}},"4":{"name":"(anonymous_4)","decl":{"start":{"line":53,"column":87},"end":{"line":53,"column":88}},"loc":{"start":{"line":53,"column":94},"end":{"line":53,"column":117}}},"5":{"name":"(anonymous_5)","decl":{"start":{"line":57,"column":124},"end":{"line":57,"column":125}},"loc":{"start":{"line":57,"column":131},"end":{"line":57,"column":161}}},"6":{"name":"(anonymous_6)","decl":{"start":{"line":60,"column":72},"end":{"line":60,"column":75}},"loc":{"start":{"line":60,"column":78},"end":{"line":60,"column":92}}}},"branchMap":{"0":{"loc":{"start":{"line":20,"column":4},"end":{"line":20,"column":41}},"type":"if","locations":[{"start":{"line":20,"column":4},"end":{"line":20,"column":41}}]},"1":{"loc":{"start":{"line":23,"column":2},"end":{"line":35,"column":3}},"type":"if","locations":[{"start":{"line":23,"column":2},"end":{"line":35,"column":3}}]},"2":{"loc":{"start":{"line":62,"column":15},"end":{"line":62,"column":202}},"type":"cond-expr","locations":[{"start":{"line":62,"column":25},"end":{"line":62,"column":183}},{"start":{"line":62,"column":186},"end":{"line":62,"column":202}}]}},"s":{"0":0,"1":0,"2":0,"3":0,"4":0,"5":0,"6":0,"7":0,"8":0,"9":0,"10":0,"11":0,"12":0,"13":0,"14":0,"15":0,"16":0,"17":0,"18":0,"19":0,"20":0},"f":{"0":0,"1":0,"2":0,"3":0,"4":0,"5":0,"6":0},"b":{"0":[0],"1":[0],"2":[0,0]}}
,"/home/bytesage/Desktop/cbt_project/components/BulkUploader.tsx": {"path":"/home/bytesage/Desktop/cbt_project/components/BulkUploader.tsx","statementMap":{"0":{"start":{"line":9,"column":0},"end":{"line":9,"column":24}},"1":{"start":{"line":2,"column":0},"end":{"line":2,"column":48}},"2":{"start":{"line":10,"column":34},"end":{"line":10,"column":61}},"3":{"start":{"line":11,"column":34},"end":{"line":11,"column":49}},"4":{"start":{"line":12,"column":34},"end":{"line":12,"column":86}},"5":{"start":{"line":13,"column":34},"end":{"line":13,"column":49}},"6":{"start":{"line":14,"column":34},"end":{"line":14,"column":64}},"7":{"start":{"line":16,"column":19},"end":{"line":23,"column":3}},"8":{"start":{"line":17,"column":18},"end":{"line":17,"column":41}},"9":{"start":{"line":18,"column":4},"end":{"line":22,"column":7}},"10":{"start":{"line":20,"column":8},"end":{"line":20,"column":44}},"11":{"start":{"line":20,"column":35},"end":{"line":20,"column":43}},"12":{"start":{"line":21,"column":6},"end":{"line":21,"column":135}},"13":{"start":{"line":25,"column":21},"end":{"line":25,"column":63}},"14":{"start":{"line":25,"column":36},"end":{"line":25,"column":47}},"15":{"start":{"line":25,"column":48},"end":{"line":25,"column":61}},"16":{"start":{"line":27,"column":23},"end":{"line":47,"column":3}},"17":{"start":{"line":28,"column":4},"end":{"line":28,"column":22}},"18":{"start":{"line":28,"column":15},"end":{"line":28,"column":22}},"19":{"start":{"line":29,"column":4},"end":{"line":29,"column":21}},"20":{"start":{"line":30,"column":17},"end":{"line":30,"column":34}},"21":{"start":{"line":32,"column":4},"end":{"line":37,"column":5}},"22":{"start":{"line":33,"column":19},"end":{"line":33,"column":35}},"23":{"start":{"line":34,"column":6},"end":{"line":34,"column":172}},"24":{"start":{"line":34,"column":50},"end":{"line":34,"column":168}},"25":{"start":{"line":36,"column":6},"end":{"line":36,"column":46}},"26":{"start":{"line":38,"column":16},"end":{"line":38,"column":152}},"27":{"start":{"line":39,"column":4},"end":{"line":45,"column":5}},"28":{"start":{"line":40,"column":19},"end":{"line":40,"column":35}},"29":{"start":{"line":41,"column":6},"end":{"line":41,"column":83}},"30":{"start":{"line":42,"column":6},"end":{"line":42,"column":18}},"31":{"start":{"line":44,"column":6},"end":{"line":44,"column":91}},"32":{"start":{"line":46,"column":4},"end":{"line":46,"column":22}},"33":{"start":{"line":49,"column":14},"end":{"line":49,"column":56}},"34":{"start":{"line":51,"column":2},"end":{"line":130,"column":4}},"35":{"start":{"line":74,"column":23},"end":{"line":74,"column":null}},"36":{"start":{"line":75,"column":26},"end":{"line":75,"column":null}},"37":{"start":{"line":76,"column":29},"end":{"line":76,"column":48}},"38":{"start":{"line":76,"column":49},"end":{"line":76,"column":67}},"39":{"start":{"line":77,"column":27},"end":{"line":77,"column":45}},"40":{"start":{"line":79,"column":10},"end":{"line":79,"column":29}},"41":{"start":{"line":80,"column":10},"end":{"line":80,"column":29}},"42":{"start":{"line":81,"column":20},"end":{"line":81,"column":43}},"43":{"start":{"line":82,"column":10},"end":{"line":82,"column":31}},"44":{"start":{"line":82,"column":17},"end":{"line":82,"column":31}},"45":{"start":{"line":85,"column":99},"end":{"line":85,"column":155}}},"fnMap":{"0":{"name":"BulkUploader","decl":{"start":{"line":9,"column":24},"end":{"line":9,"column":36}},"loc":{"start":{"line":9,"column":79},"end":{"line":131,"column":1}}},"1":{"name":"(anonymous_10)","decl":{"start":{"line":16,"column":19},"end":{"line":16,"column":20}},"loc":{"start":{"line":16,"column":36},"end":{"line":23,"column":3}}},"2":{"name":"(anonymous_11)","decl":{"start":{"line":18,"column":21},"end":{"line":18,"column":22}},"loc":{"start":{"line":18,"column":30},"end":{"line":22,"column":5}}},"3":{"name":"(anonymous_12)","decl":{"start":{"line":20,"column":28},"end":{"line":20,"column":29}},"loc":{"start":{"line":20,"column":35},"end":{"line":20,"column":43}}},"4":{"name":"(anonymous_13)","decl":{"start":{"line":25,"column":21},"end":{"line":25,"column":22}},"loc":{"start":{"line":25,"column":33},"end":{"line":25,"column":63}}},"5":{"name":"(anonymous_14)","decl":{"start":{"line":27,"column":23},"end":{"line":27,"column":28}},"loc":{"start":{"line":27,"column":34},"end":{"line":47,"column":3}}},"6":{"name":"(anonymous_15)","decl":{"start":{"line":34,"column":38},"end":{"line":34,"column":39}},"loc":{"start":{"line":34,"column":50},"end":{"line":34,"column":168}}},"7":{"name":"(anonymous_16)","decl":{"start":{"line":74,"column":17},"end":{"line":74,"column":20}},"loc":{"start":{"line":74,"column":22},"end":{"line":74,"column":null}}},"8":{"name":"(anonymous_17)","decl":{"start":{"line":75,"column":19},"end":{"line":75,"column":20}},"loc":{"start":{"line":75,"column":25},"end":{"line":75,"column":null}}},"9":{"name":"(anonymous_18)","decl":{"start":{"line":76,"column":20},"end":{"line":76,"column":21}},"loc":{"start":{"line":76,"column":26},"end":{"line":76,"column":69}}},"10":{"name":"(anonymous_19)","decl":{"start":{"line":77,"column":21},"end":{"line":77,"column":24}},"loc":{"start":{"line":77,"column":27},"end":{"line":77,"column":45}}},"11":{"name":"(anonymous_20)","decl":{"start":{"line":78,"column":16},"end":{"line":78,"column":17}},"loc":{"start":{"line":78,"column":22},"end":{"line":83,"column":9}}},"12":{"name":"(anonymous_21)","decl":{"start":{"line":85,"column":92},"end":{"line":85,"column":93}},"loc":{"start":{"line":85,"column":98},"end":{"line":85,"column":155}}}},"branchMap":{"0":{"loc":{"start":{"line":28,"column":4},"end":{"line":28,"column":22}},"type":"if","locations":[{"start":{"line":28,"column":4},"end":{"line":28,"column":22}}]},"1":{"loc":{"start":{"line":32,"column":4},"end":{"line":37,"column":5}},"type":"if","locations":[{"start":{"line":32,"column":4},"end":{"line":37,"column":5}},{"start":{"line":35,"column":11},"end":{"line":37,"column":5}}]},"2":{"loc":{"start":{"line":34,"column":68},"end":{"line":34,"column":137}},"type":"cond-expr","locations":[{"start":{"line":34,"column":100},"end":{"line":34,"column":109}},{"start":{"line":34,"column":112},"end":{"line":34,"column":137}}]},"3":{"loc":{"start":{"line":39,"column":4},"end":{"line":45,"column":5}},"type":"if","locations":[{"start":{"line":39,"column":4},"end":{"line":45,"column":5}},{"start":{"line":43,"column":11},"end":{"line":45,"column":5}}]},"4":{"loc":{"start":{"line":49,"column":14},"end":{"line":49,"column":56}},"type":"cond-expr","locations":[{"start":{"line":49,"column":41},"end":{"line":49,"column":43}},{"start":{"line":49,"column":41},"end":{"line":49,"column":56}}]},"5":{"loc":{"start":{"line":49,"column":14},"end":{"line":49,"column":43}},"type":"binary-expr","locations":[{"start":{"line":49,"column":14},"end":{"line":49,"column":43}},{"start":{"line":49,"column":41},"end":{"line":49,"column":43}}]},"6":{"loc":{"start":{"line":49,"column":14},"end":{"line":49,"column":41}},"type":"cond-expr","locations":[{"start":{"line":49,"column":18},"end":{"line":49,"column":20}},{"start":{"line":49,"column":14},"end":{"line":49,"column":41}}]},"7":{"loc":{"start":{"line":49,"column":14},"end":{"line":49,"column":20}},"type":"binary-expr","locations":[{"start":{"line":49,"column":14},"end":{"line":49,"column":20}},{"start":{"line":49,"column":14},"end":{"line":49,"column":20}}]},"8":{"loc":{"start":{"line":67,"column":10},"end":{"line":71,"column":null}},"type":"cond-expr","locations":[{"start":{"line":68,"column":14},"end":{"line":68,"column":37}},{"start":{"line":69,"column":14},"end":{"line":71,"column":null}}]},"9":{"loc":{"start":{"line":69,"column":14},"end":{"line":71,"column":null}},"type":"cond-expr","locations":[{"start":{"line":70,"column":14},"end":{"line":70,"column":40}},{"start":{"line":71,"column":14},"end":{"line":71,"column":null}}]},"10":{"loc":{"start":{"line":74,"column":23},"end":{"line":74,"column":48}},"type":"cond-expr","locations":[{"start":{"line":74,"column":39},"end":{"line":74,"column":41}},{"start":{"line":74,"column":39},"end":{"line":74,"column":48}}]},"11":{"loc":{"start":{"line":74,"column":23},"end":{"line":74,"column":41}},"type":"binary-expr","locations":[{"start":{"line":74,"column":23},"end":{"line":74,"column":41}},{"start":{"line":74,"column":39},"end":{"line":74,"column":41}}]},"12":{"loc":{"start":{"line":75,"column":26},"end":{"line":75,"column":null}},"type":"binary-expr","locations":[{"start":{"line":75,"column":26},"end":{"line":75,"column":43}},{"start":{"line":75,"column":47},"end":{"line":75,"column":72}}]},"13":{"loc":{"start":{"line":75,"column":47},"end":{"line":75,"column":72}},"type":"cond-expr","locations":[{"start":{"line":75,"column":63},"end":{"line":75,"column":65}},{"start":{"line":75,"column":63},"end":{"line":75,"column":72}}]},"14":{"loc":{"start":{"line":75,"column":47},"end":{"line":75,"column":65}},"type":"binary-expr","locations":[{"start":{"line":75,"column":47},"end":{"line":75,"column":65}},{"start":{"line":75,"column":63},"end":{"line":75,"column":65}}]},"15":{"loc":{"start":{"line":82,"column":10},"end":{"line":82,"column":31}},"type":"if","locations":[{"start":{"line":82,"column":10},"end":{"line":82,"column":31}}]},"16":{"loc":{"start":{"line":85,"column":99},"end":{"line":85,"column":151}},"type":"binary-expr","locations":[{"start":{"line":85,"column":99},"end":{"line":85,"column":118}},{"start":{"line":85,"column":122},"end":{"line":85,"column":151}}]},"17":{"loc":{"start":{"line":85,"column":99},"end":{"line":85,"column":118}},"type":"cond-expr","locations":[{"start":{"line":85,"column":113},"end":{"line":85,"column":116}},{"start":{"line":85,"column":113},"end":{"line":85,"column":118}}]},"18":{"loc":{"
[...]
oc":{"start":{"line":119,"column":52},"end":{"line":119,"column":111}},"type":"cond-expr","locations":[{"start":{"line":119,"column":68},"end":{"line":119,"column":90}},{"start":{"line":119,"column":93},"end":{"line":119,"column":111}}]},"15":{"loc":{"start":{"line":127,"column":35},"end":{"line":127,"column":106}},"type":"cond-expr","locations":[{"start":{"line":127,"column":55},"end":{"line":127,"column":101}},{"start":{"line":127,"column":104},"end":{"line":127,"column":106}}]},"16":{"loc":{"start":{"line":128,"column":35},"end":{"line":128,"column":77}},"type":"cond-expr","locations":[{"start":{"line":128,"column":53},"end":{"line":128,"column":72}},{"start":{"line":128,"column":75},"end":{"line":128,"column":77}}]},"17":{"loc":{"start":{"line":133,"column":137},"end":{"line":133,"column":206}},"type":"cond-expr","locations":[{"start":{"line":133,"column":149},"end":{"line":133,"column":177}},{"start":{"line":133,"column":180},"end":{"line":133,"column":206}}]},"18":{"loc":{"start":{"line":134,"column":23},"end":{"line":134,"column":44}},"type":"cond-expr","locations":[{"start":{"line":134,"column":35},"end":{"line":134,"column":38}},{"start":{"line":134,"column":41},"end":{"line":134,"column":44}}]},"19":{"loc":{"start":{"line":142,"column":25},"end":{"line":143,"column":null}},"type":"binary-expr","locations":[{"start":{"line":142,"column":25},"end":{"line":142,"column":35}},{"start":{"line":143,"column":26},"end":{"line":143,"column":158}}]},"20":{"loc":{"start":{"line":143,"column":124},"end":{"line":143,"column":143}},"type":"cond-expr","locations":[{"start":{"line":143,"column":136},"end":{"line":143,"column":140}},{"start":{"line":143,"column":140},"end":{"line":143,"column":143}}]},"21":{"loc":{"start":{"line":143,"column":124},"end":{"line":143,"column":140}},"type":"binary-expr","locations":[{"start":{"line":143,"column":124},"end":{"line":143,"column":140}},{"start":{"line":143,"column":136},"end":{"line":143,"column":140}}]},"22":{"loc":{"start":{"line":150,"column":15},"end":{"line":151,"column":null}},"type":"binary-expr","locations":[{"start":{"line":150,"column":15},"end":{"line":150,"column":43}},{"start":{"line":151,"column":16},"end":{"line":151,"column":106}}]}},"s":{"0":0,"1":0,"2":0,"3":0,"4":0,"5":0,"6":0,"7":0,"8":0,"9":0,"10":0,"11":0,"12":0,"13":0,"14":0,"15":0,"16":0,"17":0,"18":0,"19":0,"20":0,"21":0,"22":0,"23":0,"24":0,"25":0,"26":0,"27":0,"28":0},"f":{"0":0,"1":0,"2":0,"3":0,"4":0,"5":0,"6":0,"7":0,"8":0},"b":{"0":[0],"1":[0],"2":[0,0],"3":[0,0],"4":[0,0],"5":[0,0],"6":[0,0],"7":[0,0],"8":[0,0],"9":[0,0],"10":[0,0],"11":[0,0],"12":[0,0],"13":[0,0],"14":[0,0],"15":[0,0],"16":[0,0],"17":[0,0],"18":[0,0],"19":[0,0],"20":[0,0],"21":[0,0],"22":[0,0]}}
,"/home/bytesage/Desktop/cbt_project/components/SubjectActions.tsx": {"path":"/home/bytesage/Desktop/cbt_project/components/SubjectActions.tsx","statementMap":{"0":{"start":{"line":18,"column":0},"end":{"line":18,"column":24}},"1":{"start":{"line":2,"column":0},"end":{"line":2,"column":44}},"2":{"start":{"line":3,"column":0},"end":{"line":3,"column":53}},"3":{"start":{"line":4,"column":0},"end":{"line":4,"column":49}},"4":{"start":{"line":19,"column":17},"end":{"line":19,"column":28}},"5":{"start":{"line":21,"column":24},"end":{"line":25,"column":3}},"6":{"start":{"line":22,"column":4},"end":{"line":22,"column":68}},"7":{"start":{"line":23,"column":4},"end":{"line":23,"column":21}},"8":{"start":{"line":24,"column":4},"end":{"line":24,"column":21}},"9":{"start":{"line":27,"column":23},"end":{"line":30,"column":3}},"10":{"start":{"line":28,"column":4},"end":{"line":28,"column":66}},"11":{"start":{"line":29,"column":4},"end":{"line":29,"column":21}},"12":{"start":{"line":32,"column":2},"end":{"line":59,"column":4}},"13":{"start":{"line":38,"column":12},"end":{"line":38,"column":28}},"14":{"start":{"line":44,"column":32},"end":{"line":44,"column":50}}},"fnMap":{"0":{"name":"SubjectActions","decl":{"start":{"line":18,"column":24},"end":{"line":18,"column":38}},"loc":{"start":{"line":18,"column":95},"end":{"line":60,"column":1}}},"1":{"name":"(anonymous_2)","decl":{"start":{"line":21,"column":24},"end":{"line":21,"column":29}},"loc":{"start":{"line":21,"column":35},"end":{"line":25,"column":3}}},"2":{"name":"(anonymous_3)","decl":{"start":{"line":27,"column":23},"end":{"line":27,"column":28}},"loc":{"start":{"line":27,"column":50},"end":{"line":30,"column":3}}},"3":{"name":"(anonymous_4)","decl":{"start":{"line":37,"column":23},"end":{"line":37,"column":24}},"loc":{"start":{"line":38,"column":12},"end":{"line":38,"column":28}}},"4":{"name":"(anonymous_5)","decl":{"start":{"line":44,"column":26},"end":{"line":44,"column":29}},"loc":{"start":{"line":44,"column":32},"end":{"line":44,"column":50}}}},"branchMap":{"0":{"loc":{"start":{"line":35,"column":7},"end":{"line":48,"column":null}},"type":"binary-expr","locations":[{"start":{"line":35,"column":7},"end":{"line":35,"column":25}},{"start":{"line":36,"column":8},"end":{"line":47,"column":null}}]}},"s":{"0":0,"1":0,"2":0,"3":0,"4":0,"5":0,"6":0,"7":0,"8":0,"9":0,"10":0,"11":0,"12":0,"13":0,"14":0},"f":{"0":0,"1":0,"2":0,"3":0,"4":0},"b":{"0":[0,0]}}
,"/home/bytesage/Desktop/cbt_project/components/SubjectCard.tsx": {"path":"/home/bytesage/Desktop/cbt_project/components/SubjectCard.tsx","statementMap":{"0":{"start":{"line":26,"column":0},"end":{"line":26,"column":24}},"1":{"start":{"line":2,"column":0},"end":{"line":2,"column":26}},"2":{"start":{"line":3,"column":0},"end":{"line":3,"column":44}},"3":{"start":{"line":4,"column":0},"end":{"line":4,"column":53}},"4":{"start":{"line":13,"column":18},"end":{"line":16,"column":null}},"5":{"start":{"line":14,"column":2},"end":{"line":15,"column":null}},"6":{"start":{"line":19,"column":17},"end":{"line":23,"column":null}},"7":{"start":{"line":20,"column":2},"end":{"line":22,"column":null}},"8":{"start":{"line":27,"column":17},"end":{"line":27,"column":28}},"9":{"start":{"line":29,"column":2},"end":{"line":85,"column":4}},"10":{"start":{"line":34,"column":9},"end":{"line":34,"column":122}},"11":{"start":{"line":35,"column":9},"end":{"line":35,"column":78}},"12":{"start":{"line":38,"column":9},"end":{"line":38,"column":62}},"13":{"start":{"line":39,"column":9},"end":{"line":39,"column":62}},"14":{"start":{"line":41,"column":21},"end":{"line":41,"column":51}},"15":{"start":{"line":72,"column":24},"end":{"line":72,"column":43}},"16":{"start":{"line":78,"column":12},"end":{"line":78,"column":69}},"17":{"start":{"line":79,"column":12},"end":{"line":79,"column":29}},"18":{"start":{"line":80,"column":12},"end":{"line":80,"column":29}}},"fnMap":{"0":{"name":"(anonymous_1)","decl":{"start":{"line":13,"column":18},"end":{"line":13,"column":21}},"loc":{"start":{"line":14,"column":2},"end":{"line":15,"column":null}}},"1":{"name":"(anonymous_2)","decl":{"start":{"line":19,"column":17},"end":{"line":19,"column":20}},"loc":{"start":{"line":20,"column":2},"end":{"line":22,"column":null}}},"2":{"name":"SubjectCard","decl":{"start":{"line":26,"column":24},"end":{"line":26,"column":35}},"loc":{"start":{"line":26,"column":87},"end":{"line":86,"column":1}}},"3":{"name":"(anonymous_4)","decl":{"start":{"line":33,"column":20},"end":{"line":33,"column":21}},"loc":{"start":{"line":33,"column":24},"end":{"line":36,"column":7}}},"4":{"name":"(anonymous_5)","decl":{"start":{"line":37,"column":20},"end":{"line":37,"column":21}},"loc":{"start":{"line":37,"column":24},"end":{"line":40,"column":7}}},"5":{"name":"(anonymous_6)","decl":{"start":{"line":41,"column":15},"end":{"line":41,"column":18}},"loc":{"start":{"line":41,"column":21},"end":{"line":41,"column":51}}},"6":{"name":"(anonymous_7)","decl":{"start":{"line":72,"column":17},"end":{"line":72,"column":18}},"loc":{"start":{"line":72,"column":24},"end":{"line":72,"column":43}}},"7":{"name":"(anonymous_8)","decl":{"start":{"line":77,"column":21},"end":{"line":77,"column":26}},"loc":{"start":{"line":77,"column":32},"end":{"line":81,"column":11}}}},"branchMap":{"0":{"loc":{"start":{"line":58,"column":9},"end":{"line":58,"column":50}},"type":"binary-expr","locations":[{"start":{"line":58,"column":9},"end":{"line":58,"column":20}},{"start":{"line":58,"column":24},"end":{"line":58,"column":50}}]},"1":{"loc":{"start":{"line":63,"column":50},"end":{"line":63,"column":93}},"type":"cond-expr","locations":[{"start":{"line":63,"column":73},"end":{"line":63,"column":81}},{"start":{"line":63,"column":84},"end":{"line":63,"column":93}}]}},"s":{"0":0,"1":0,"2":0,"3":0,"4":0,"5":0,"6":0,"7":0,"8":0,"9":0,"10":0,"11":0,"12":0,"13":0,"14":0,"15":0,"16":0,"17":0,"18":0},"f":{"0":0,"1":0,"2":0,"3":0,"4":0,"5":0,"6":0,"7":0},"b":{"0":[0,0],"1":[0,0]}}
,"/home/bytesage/Desktop/cbt_project/lib/prisma.ts": {"path":"/home/bytesage/Desktop/cbt_project/lib/prisma.ts","statementMap":{"0":{"start":{"line":1,"column":0},"end":{"line":1,"column":46}},"1":{"start":{"line":3,"column":24},"end":{"line":3,"column":null}},"2":{"start":{"line":8,"column":2},"end":{"line":14,"column":4}},"3":{"start":{"line":16,"column":0},"end":{"line":18,"column":1}},"4":{"start":{"line":17,"column":2},"end":{"line":17,"column":34}},"5":{"start":{"line":20,"column":0},"end":{"line":20,"column":22}}},"fnMap":{},"branchMap":{"0":{"loc":{"start":{"line":8,"column":2},"end":{"line":14,"column":4}},"type":"cond-expr","locations":[{"start":{"line":8,"column":24},"end":{"line":8,"column":null}},{"start":{"line":9,"column":2},"end":{"line":14,"column":4}}]},"1":{"loc":{"start":{"line":8,"column":2},"end":{"line":8,"column":null}},"type":"binary-expr","locations":[{"start":{"line":8,"column":2},"end":{"line":8,"column":null}},{"start":{"line":8,"column":24},"end":{"line":8,"column":null}}]},"2":{"loc":{"start":{"line":11,"column":6},"end":{"line":13,"column":19}},"type":"cond-expr","locations":[{"start":{"line":12,"column":10},"end":{"line":12,"column":36}},{"start":{"line":13,"column":10},"end":{"line":13,"column":19}}]},"3":{"loc":{"start":{"line":16,"column":0},"end":{"line":18,"column":1}},"type":"if","locations":[{"start":{"line":16,"column":0},"end":{"line":18,"column":1}}]}},"s":{"0":0,"1":0,"2":0,"3":0,"4":0,"5":0},"f":{},"b":{"0":[0,0],"1":[0,0],"2":[0,0],"3":[0]}}
,"/home/bytesage/Desktop/cbt_project/lib/types.ts": {"path":"/home/bytesage/Desktop/cbt_project/lib/types.ts","statementMap":{"0":{"start":{"line":6,"column":13},"end":{"line":6,"column":58}}},"fnMap":{},"branchMap":{},"s":{"0":1},"f":{},"b":{}}
,"/home/bytesage/Desktop/cbt_project/scripts/migrate-sqlite-to-supabase.ts": {"path":"/home/bytesage/Desktop/cbt_project/scripts/migrate-sqlite-to-supabase.ts","statementMap":{"0":{"start":{"line":19,"column":0},"end":{"line":19,"column":24}},"1":{"start":{"line":20,"column":0},"end":{"line":20,"column":38}},"2":{"start":{"line":21,"column":0},"end":{"line":21,"column":46}},"3":{"start":{"line":26,"column":0},"end":{"line":26,"column":48}},"4":{"start":{"line":27,"column":0},"end":{"line":27,"column":66}},"5":{"start":{"line":32,"column":17},"end":{"line":34,"column":2}},"6":{"start":{"line":36,"column":15},"end":{"line":41,"column":2}},"7":{"start":{"line":56,"column":2},"end":{"line":56,"column":61}},"8":{"start":{"line":59,"column":19},"end":{"line":59,"column":82}},"9":{"start":{"line":60,"column":2},"end":{"line":60,"column":60}},"10":{"start":{"line":61,"column":2},"end":{"line":67,"column":3}},"11":{"start":{"line":62,"column":4},"end":{"line":66,"column":7}},"12":{"start":{"line":68,"column":2},"end":{"line":68,"column":39}},"13":{"start":{"line":71,"column":18},"end":{"line":71,"column":79}},"14":{"start":{"line":72,"column":2},"end":{"line":72,"column":58}},"15":{"start":{"line":73,"column":2},"end":{"line":79,"column":3}},"16":{"start":{"line":74,"column":4},"end":{"line":78,"column":7}},"17":{"start":{"line":80,"column":2},"end":{"line":80,"column":38}},"18":{"start":{"line":83,"column":20},"end":{"line":83,"column":85}},"19":{"start":{"line":84,"column":2},"end":{"line":84,"column":62}},"20":{"start":{"line":85,"column":2},"end":{"line":104,"column":3}},"21":{"start":{"line":86,"column":4},"end":{"line":103,"column":7}},"22":{"start":{"line":105,"column":2},"end":{"line":105,"column":40}},"23":{"start":{"line":108,"column":18},"end":{"line":108,"column":79}},"24":{"start":{"line":109,"column":2},"end":{"line":109,"column":62}},"25":{"start":{"line":110,"column":2},"end":{"line":116,"column":3}},"26":{"start":{"line":111,"column":4},"end":{"line":115,"column":7}},"27":{"start":{"line":117,"column":2},"end":{"line":117,"column":37}},"28":{"start":{"line":123,"column":2},"end":{"line":123,"column":51}},"29":{"start":{"line":124,"column":2},"end":{"line":126,"column":4}},"30":{"start":{"line":127,"column":2},"end":{"line":129,"column":4}},"31":{"start":{"line":130,"column":2},"end":{"line":132,"column":4}},"32":{"start":{"line":133,"column":2},"end":{"line":133,"column":44}},"33":{"start":{"line":135,"column":2},"end":{"line":135,"column":41}},"34":{"start":{"line":138,"column":0},"end":{"line":146,"column":5}},"35":{"start":{"line":140,"column":4},"end":{"line":140,"column":47}},"36":{"start":{"line":141,"column":4},"end":{"line":141,"column":20}},"37":{"start":{"line":144,"column":4},"end":{"line":144,"column":21}},"38":{"start":{"line":145,"column":4},"end":{"line":145,"column":31}}},"fnMap":{"0":{"name":"main","decl":{"start":{"line":55,"column":15},"end":{"line":55,"column":19}},"loc":{"start":{"line":55,"column":19},"end":{"line":136,"column":1}}},"1":{"name":"(anonymous_2)","decl":{"start":{"line":139,"column":9},"end":{"line":139,"column":10}},"loc":{"start":{"line":139,"column":17},"end":{"line":142,"column":3}}},"2":{"name":"(anonymous_3)","decl":{"start":{"line":143,"column":11},"end":{"line":143,"column":16}},"loc":{"start":{"line":143,"column":22},"end":{"line":146,"column":3}}}},"branchMap":{},"s":{"0":0,"1":0,"2":0,"3":0,"4":0,"5":0,"6":0,"7":0,"8":0,"9":0,"10":0,"11":0,"12":0,"13":0,"14":0,"15":0,"16":0,"17":0,"18":0,"19":0,"20":0,"21":0,"22":0,"23":0,"24":0,"25":0,"26":0,"27":0,"28":0,"29":0,"30":0,"31":0,"32":0,"33":0,"34":0,"35":0,"36":0,"37":0,"38":0},"f":{"0":0,"1":0,"2":0},"b":{}}
,"/home/bytesage/Desktop/cbt_project/tests/api/courses.test.ts": {"path":"/home/bytesage/Desktop/cbt_project/tests/api/courses.test.ts","statementMap":{"0":{"start":{"line":1,"column":0},"end":{"line":3,"column":3}},"1":{"start":{"line":2,"column":2},"end":{"line":2,"column":44}},"2":{"start":{"line":2,"column":19},"end":{"line":2,"column":42}}},"fnMap":{"0":{"name":"(anonymous_0)","decl":{"start":{"line":1,"column":24},"end":{"line":1,"column":27}},"loc":{"start":{"line":1,"column":29},"end":{"line":3,"column":1}}},"1":{"name":"(anonymous_1)","decl":{"start":{"line":2,"column":13},"end":{"line":2,"column":16}},"loc":{"start":{"line":2,"column":19},"end":{"line":2,"column":42}}}},"branchMap":{},"s":{"0":0,"1":0,"2":0},"f":{"0":0,"1":0},"b":{}}
,"/home/bytesage/Desktop/cbt_project/tests/api/questions.test.ts": {"path":"/home/bytesage/Desktop/cbt_project/tests/api/questions.test.ts","statementMap":{"0":{"start":{"line":1,"column":0},"end":{"line":3,"column":3}},"1":{"start":{"line":2,"column":2},"end":{"line":2,"column":44}},"2":{"start":{"line":2,"column":19},"end":{"line":2,"column":42}}},"fnMap":{"0":{"name":"(anonymous_0)","decl":{"start":{"line":1,"column":24},"end":{"line":1,"column":27}},"loc":{"start":{"line":1,"column":29},"end":{"line":3,"column":1}}},"1":{"name":"(anonymous_1)","decl":{"start":{"line":2,"column":13},"end":{"line":2,"column":16}},"loc":{"start":{"line":2,"column":19},"end":{"line":2,"column":42}}}},"branchMap":{},"s":{"0":0,"1":0,"2":0},"f":{"0":0,"1":0},"b":{}}
,"/home/bytesage/Desktop/cbt_project/tests/api/subjects.test.ts": {"path":"/home/bytesage/Desktop/cbt_project/tests/api/subjects.test.ts","statementMap":{"0":{"start":{"line":1,"column":0},"end":{"line":3,"column":3}},"1":{"start":{"line":2,"column":2},"end":{"line":2,"column":44}},"2":{"start":{"line":2,"column":19},"end":{"line":2,"column":42}}},"fnMap":{"0":{"name":"(anonymous_0)","decl":{"start":{"line":1,"column":24},"end":{"line":1,"column":27}},"loc":{"start":{"line":1,"column":29},"end":{"line":3,"column":1}}},"1":{"name":"(anonymous_1)","decl":{"start":{"line":2,"column":13},"end":{"line":2,"column":16}},"loc":{"start":{"line":2,"column":19},"end":{"line":2,"column":42}}}},"branchMap":{},"s":{"0":0,"1":0,"2":0},"f":{"0":0,"1":0},"b":{}}
,"/home/bytesage/Desktop/cbt_project/tests/components/ExamQuestion.test.tsx": {"path":"/home/bytesage/Desktop/cbt_project/tests/components/ExamQuestion.test.tsx","statementMap":{"0":{"start":{"line":1,"column":0},"end":{"line":1,"column":67}},"1":{"start":{"line":2,"column":0},"end":{"line":2,"column":53}},"2":{"start":{"line":4,"column":21},"end":{"line":10,"column":9}},"3":{"start":{"line":12,"column":0},"end":{"line":42,"column":3}},"4":{"start":{"line":13,"column":2},"end":{"line":26,"column":5}},"5":{"start":{"line":14,"column":4},"end":{"line":22,"column":6}},"6":{"start":{"line":23,"column":4},"end":{"line":23,"column":67}},"7":{"start":{"line":24,"column":4},"end":{"line":24,"column":58}},"8":{"start":{"line":25,"column":4},"end":{"line":25,"column":58}},"9":{"start":{"line":28,"column":2},"end":{"line":41,"column":5}},"10":{"start":{"line":29,"column":20},"end":{"line":29,"column":29}},"11":{"start":{"line":30,"column":4},"end":{"line":38,"column":6}},"12":{"start":{"line":39,"column":4},"end":{"line":39,"column":47}},"13":{"start":{"line":40,"column":4},"end":{"line":40,"column":46}}},"fnMap":{"0":{"name":"(anonymous_1)","decl":{"start":{"line":12,"column":35},"end":{"line":12,"column":38}},"loc":{"start":{"line":12,"column":40},"end":{"line":42,"column":1}}},"1":{"name":"(anonymous_2)","decl":{"start":{"line":13,"column":35},"end":{"line":13,"column":38}},"loc":{"start":{"line":13,"column":40},"end":{"line":26,"column":3}}},"2":{"name":"(anonymous_3)","decl":{"start":{"line":20,"column":18},"end":{"line":20,"column":21}},"loc":{"start":{"line":20,"column":23},"end":{"line":20,"column":26}}},"3":{"name":"(anonymous_4)","decl":{"start":{"line":28,"column":43},"end":{"line":28,"column":46}},"loc":{"start":{"line":28,"column":48},"end":{"line":41,"column":3}}}},"branchMap":{},"s":{"0":0,"1":0,"2":0,"3":0,"4":0,"5":0,"6":0,"7":0,"8":0,"9":0,"10":0,"11":0,"12":0,"13":0},"f":{"0":0,"1":0,"2":0,"3":0},"b":{}}
,"/home/bytesage/Desktop/cbt_project/tests/components/Header.test.tsx": {"path":"/home/bytesage/Desktop/cbt_project/tests/components/Header.test.tsx","statementMap":{"0":{"start":{"line":1,"column":0},"end":{"line":1,"column":67}},"1":{"start":{"line":2,"column":0},"end":{"line":2,"column":41}},"2":{"start":{"line":4,"column":0},"end":{"line":18,"column":3}},"3":{"start":{"line":5,"column":2},"end":{"line":8,"column":5}},"4":{"start":{"line":6,"column":4},"end":{"line":6,"column":23}},"5":{"start":{"line":7,"column":4},"end":{"line":7,"column":66}},"6":{"start":{"line":10,"column":2},"end":{"line":17,"column":5}},"7":{"start":{"line":11,"column":4},"end":{"line":11,"column":23}},"8":{"start":{"line":12,"column":19},"end":{"line":12,"column":76}},"9":{"start":{"line":13,"column":4},"end":{"line":13,"column":28}},"10":{"start":{"line":14,"column":4},"end":{"line":14,"column":57}},"11":{"start":{"line":15,"column":4},"end":{"line":15,"column":28}},"12":{"start":{"line":16,"column":4},"end":{"line":16,"column":61}}},"fnMap":{"0":{"name":"(anonymous_1)","decl":{"start":{"line":4,"column":29},"end":{"line":4,"column":32}},"loc":{"start":{"line":4,"column":34},"end":{"line":18,"column":1}}},"1":{"name":"(anonymous_2)","decl":{"start":{"line":5,"column":25},"end":{"line":5,"column":28}},"loc":{"start":{"line":5,"column":30},"end":{"line":8,"column":3}}},"2":{"name":"(anonymous_3)","decl":{"start":{"line":10,"column":26},"end":{"line":10,"column":29}},"loc":{"start":{"line":10,"column":31},"end":{"line":17,"column":3}}}},"branchMap":{},"s":{"0":0,"1":0,"2":0,"3":0,"4":0,"5":0,"6":0,"7":0,"8":0,"9":0,"10":0,"11":0,"12":0},"f":{"0":0,"1":0,"2":0},"b":{}}
}
