TN:
SF:next-env.d.ts
FNF:0
FNH:0
LF:0
LH:0
BRF:0
BRH:0
end_of_record
TN:
SF:next.config.ts
FNF:0
FNH:0
DA:3,0
DA:7,0
LF:2
LH:0
BRF:0
BRH:0
end_of_record
TN:
SF:app/layout.tsx
FN:16,RootLayout
FNF:1
FNH:0
FNDA:0,RootLayout
DA:2,0
DA:3,0
DA:4,0
DA:6,0
DA:11,0
DA:16,0
DA:19,0
LF:7
LH:0
BRF:0
BRH:0
end_of_record
TN:
SF:app/page.tsx
FN:20,HomePage
FN:58,(anonymous_2)
FN:94,(anonymous_3)
FNF:3
FNH:0
FNDA:0,HomePage
FNDA:0,(anonymous_2)
FNDA:0,(anonymous_3)
DA:1,0
DA:3,0
DA:4,0
DA:13,0
DA:15,0
DA:20,0
DA:21,0
DA:22,0
DA:24,0
DA:58,0
DA:95,0
LF:11
LH:0
BRDA:49,0,0,0
BRDA:49,0,1,0
BRDA:72,1,0,0
BRDA:72,1,1,0
BRDA:81,2,0,0
BRDA:81,2,1,0
BRF:6
BRH:0
end_of_record
TN:
SF:app/api/config/route.ts
FN:6,GET
FN:11,POST
FN:22,DELETE
FNF:3
FNH:0
FNDA:0,GET
FNDA:0,POST
FNDA:0,DELETE
DA:1,0
DA:2,0
DA:6,0
DA:7,0
DA:8,0
DA:11,0
DA:12,0
DA:13,0
DA:14,0
DA:19,0
DA:22,0
DA:23,0
DA:24,0
DA:25,0
DA:26,0
DA:27,0
LF:16
LH:0
BRDA:13,0,0,0
BRDA:25,1,0,0
BRF:2
BRH:0
end_of_record
TN:
SF:app/api/courses/route.ts
FN:5,GET
FN:10,POST
FN:21,DELETE
FNF:3
FNH:0
FNDA:0,GET
FNDA:0,POST
FNDA:0,DELETE
DA:2,0
DA:3,0
DA:5,0
DA:6,0
DA:7,0
DA:10,0
DA:11,0
DA:12,0
DA:13,0
DA:15,0
DA:18,0
DA:21,0
DA:22,0
DA:23,0
DA:24,0
DA:25,0
DA:27,0
DA:28,0
LF:18
LH:0
BRDA:12,0,0,0
BRDA:12,1,0,0
BRDA:12,1,1,0
BRDA:24,2,0,0
BRF:4
BRH:0
end_of_record
TN:
SF:app/api/courses/[id]/route.ts
FN:4,GET
FN:14,PATCH
FN:24,DELETE
FNF:3
FNH:0
FNDA:0,GET
FNDA:0,PATCH
FNDA:0,DELETE
DA:1,0
DA:2,0
DA:4,0
DA:5,0
DA:6,0
DA:10,0
DA:11,0
DA:14,0
DA:15,0
DA:16,0
DA:17,0
DA:21,0
DA:24,0
DA:25,0
DA:26,0
DA:29,0
DA:32,0
DA:34,0
LF:18
LH:0
BRDA:10,0,0,0
BRF:1
BRH:0
end_of_record
TN:
SF:app/api/questions/route.ts
FN:5,GET
FN:13,POST
FNF:2
FNH:0
FNDA:0,GET
FNDA:0,POST
DA:2,0
DA:3,0
DA:5,0
DA:6,0
DA:7,0
DA:8,0
DA:9,0
DA:10,0
DA:13,0
DA:14,0
DA:15,0
DA:16,0
LF:12
LH:0
BRDA:8,0,0,0
BRDA:8,0,1,0
BRF:2
BRH:0
end_of_record
TN:
SF:app/api/questions/[id]/route.ts
FN:5,GET
FN:12,PATCH
FN:22,DELETE
FNF:3
FNH:0
FNDA:0,GET
FNDA:0,PATCH
FNDA:0,DELETE
DA:2,0
DA:3,0
DA:5,0
DA:6,0
DA:7,0
DA:8,0
DA:9,0
DA:12,0
DA:13,0
DA:14,0
DA:15,0
DA:19,0
DA:22,0
DA:23,0
DA:24,0
DA:25,0
LF:16
LH:0
BRDA:8,0,0,0
BRF:1
BRH:0
end_of_record
TN:
SF:app/api/questions/upload/route.ts
FN:5,POST
FN:10,(anonymous_2)
FNF:2
FNH:0
FNDA:0,POST
FNDA:0,(anonymous_2)
DA:2,0
DA:3,0
DA:5,0
DA:6,0
DA:7,0
DA:8,0
DA:10,0
DA:17,0
DA:18,0
LF:9
LH:0
BRDA:7,0,0,0
BRF:1
BRH:0
end_of_record
TN:
SF:app/api/subjects/route.ts
FN:4,GET
FN:11,POST
FNF:2
FNH:0
FNDA:0,GET
FNDA:0,POST
DA:1,0
DA:2,0
DA:4,0
DA:5,0
DA:8,0
DA:11,0
DA:12,0
DA:13,0
DA:14,0
DA:16,0
DA:19,0
LF:11
LH:0
BRDA:13,0,0,0
BRF:1
BRH:0
end_of_record
TN:
SF:app/api/subjects/[id]/route.ts
FN:4,GET
FN:14,PATCH
FN:24,DELETE
FN:33,(anonymous_4)
FNF:4
FNH:0
FNDA:0,GET
FNDA:0,PATCH
FNDA:0,DELETE
FNDA:0,(anonymous_4)
DA:1,0
DA:2,0
DA:4,0
DA:5,0
DA:6,0
DA:10,0
DA:11,0
DA:14,0
DA:15,0
DA:16,0
DA:17,0
DA:21,0
DA:24,0
DA:25,0
DA:26,0
DA:29,0
DA:33,0
DA:36,0
DA:37,0
DA:41,0
DA:44,0
DA:46,0
LF:22
LH:0
BRDA:10,0,0,0
BRDA:36,1,0,0
BRF:2
BRH:0
end_of_record
TN:
SF:app/config/page.tsx
FN:14,ConfigPage
FNF:1
FNH:0
FNDA:0,ConfigPage
DA:1,0
DA:3,0
DA:7,0
DA:9,0
DA:14,0
DA:15,0
DA:16,0
DA:18,0
LF:8
LH:0
BRF:0
BRH:0
end_of_record
TN:
SF:app/courses/[id]/page.tsx
FN:17,(anonymous_10)
FN:23,CoursePage
FN:31,(anonymous_12)
FN:32,(anonymous_13)
FN:43,(anonymous_14)
FN:48,(anonymous_15)
FN:53,(anonymous_16)
FN:64,(anonymous_17)
FN:69,(anonymous_18)
FN:110,(anonymous_19)
FN:115,(anonymous_20)
FN:143,(anonymous_21)
FN:158,(anonymous_22)
FN:166,(anonymous_23)
FNF:14
FNH:0
FNDA:0,(anonymous_10)
FNDA:0,CoursePage
FNDA:0,(anonymous_12)
FNDA:0,(anonymous_13)
FNDA:0,(anonymous_14)
FNDA:0,(anonymous_15)
FNDA:0,(anonymous_16)
FNDA:0,(anonymous_17)
FNDA:0,(anonymous_18)
FNDA:0,(anonymous_19)
FNDA:0,(anonymous_20)
FNDA:0,(anonymous_21)
FNDA:0,(anonymous_22)
FNDA:0,(anonymous_23)
DA:2,0
DA:3,0
DA:4,0
DA:5,0
DA:6,0
DA:7,0
DA:8,0
DA:17,0
DA:18,0
DA:23,0
DA:24,0
DA:25,0
DA:26,0
DA:27,0
DA:28,0
DA:29,0
DA:31,0
DA:32,0
DA:33,0
DA:37,0
DA:38,0
DA:40,0
DA:43,0
DA:44,0
DA:45,0
DA:48,0
DA:49,0
DA:50,0
DA:53,0
DA:54,0
DA:56,0
DA:57,0
DA:59,0
DA:61,0
DA:64,0
DA:65,0
DA:66,0
DA:69,0
DA:71,0
DA:110,0
DA:115,0
DA:143,0
DA:158,0
DA:166,0
LF:44
LH:0
BRDA:56,0,0,0
BRDA:56,0,1,0
BRDA:56,1,0,0
BRDA:56,1,1,0
BRDA:56,2,0,0
BRDA:56,2,1,0
BRDA:81,3,0,0
BRDA:81,3,1,0
BRDA:81,4,0,0
BRDA:81,4,1,0
BRDA:81,5,0,0
BRDA:81,5,1,0
BRDA:91,6,0,0
BRDA:91,6,1,0
BRDA:91,7,0,0
BRDA:91,7,1,0
BRDA:91,8,0,0
BRDA:91,8,1,0
BRDA:91,9,0,0
BRDA:91,9,1,0
BRDA:99,10,0,0
BRDA:99,10,1,0
BRDA:99,11,0,0
BRDA:99,11,1,0
BRDA:99,12,0,0
BRDA:99,12,1,0
BRDA:99,13,0,0
BRDA:99,13,1,0
BRDA:103,14,0,0
BRDA:103,14,1,0
BRDA:124,15,0,0
BRDA:124,15,1,0
BRDA:124,16,0,0
BRDA:124,16,1,0
BRDA:124,17,0,0
BRDA:124,17,1,0
BRDA:124,18,0,0
BRDA:124,18,1,0
BRDA:137,19,0,0
BRDA:137,19,1,0
BRDA:151,20,0,0
BRDA:151,20,1,0
BRF:42
BRH:0
end_of_record
TN:
SF:app/docs/DocsClient.tsx
FN:7,(anonymous_10)
FN:12,(anonymous_11)
FN:17,(anonymous_12)
FN:23,(anonymous_13)
FN:29,(anonymous_14)
FN:35,(anonymous_15)
FN:40,(anonymous_16)
FN:45,(anonymous_17)
FN:50,(anonymous_18)
FN:59,CopyButton
FN:61,(anonymous_20)
FN:64,(anonymous_21)
FN:87,CodeBlock
FN:119,PromptCard
FN:163,Section
FN:191,FieldRow
FN:409,DocsClient
FN:418,(anonymous_27)
FN:418,(anonymous_28)
FN:439,(anonymous_29)
FN:467,(anonymous_30)
FN:471,(anonymous_31)
FN:531,(anonymous_32)
FN:568,(anonymous_33)
FN:627,(anonymous_34)
FN:672,(anonymous_35)
FN:695,(anonymous_36)
FN:732,(anonymous_37)
FN:769,(anonymous_38)
FN:782,(anonymous_39)
FN:790,(anonymous_40)
FNF:31
FNH:0
FNDA:0,(anonymous_10)
FNDA:0,(anonymous_11)
FNDA:0,(anonymous_12)
FNDA:0,(anonymous_13)
FNDA:0,(anonymous_14)
FNDA:0,(anonymous_15)
FNDA:0,(anonymous_16)
FNDA:0,(anonymous_17)
FNDA:0,(anonymous_18)
FNDA:0,CopyButton
FNDA:0,(anonymous_20)
FNDA:0,(anonymous_21)
FNDA:0,CodeBlock
FNDA:0,PromptCard
FNDA:0,Section
FNDA:0,FieldRow
FNDA:0,DocsClient
FNDA:0,(anonymous_27)
FNDA:0,(anonymous_28)
FNDA:0,(anonymous_29)
FNDA:0,(anonymous_30)
FNDA:0,(anonymous_31)
FNDA:0,(anonymous_32)
FNDA:0,(anonymous_33)
FNDA:0,(anonymous_34)
FNDA:0,(anonymous_35)
FNDA:0,(anonymous_36)
FNDA:0,(anonymous_37)
FNDA:0,(anonymous_38)
FNDA:0,(anonymous_39)
FNDA:0,(anonymous_40)
DA:2,0
DA:3,0
DA:6,0
DA:8,0
DA:13,0
DA:18,0
DA:24,0
DA:30,0
DA:36,0
DA:41,0
DA:46,0
DA:51,0
DA:60,0
DA:61,0
DA:62,0
DA:63,0
DA:64,0
DA:66,0
DA:88,0
DA:122,0
DA:166,0
DA:194,0
DA:212,0
DA:222,0
DA:243,0
DA:247,0
DA:256,0
DA:258,0
DA:379,0
DA:409,0
DA:410,0
DA:411,0
DA:413,0
DA:418,0
DA:439,0
DA:468,0
DA:471,0
DA:532,0
DA:569,0
DA:628,0
DA:673,0
DA:696,0
DA:733,0
DA:770,0
DA:783,0
DA:791,0
LF:46
LH:0
BRDA:75,0,0,0
BRDA:75,0,1,0
BRDA:76,1,0,0
BRDA:76,1,1,0
BRDA:77,2,0,0
BRDA:77,2,1,0
BRDA:80,3,0,0
BRDA:80,3,1,0
BRDA:81,4,0,0
BRDA:81,4,1,0
BRDA:95,5,0,0
BRDA:95,5,1,0
BRDA:198,6,0,0
BRDA:198,6,1,0
BRDA:433,7,0,0
BRDA:433,7,1,0
BRDA:437,8,0,0
BRDA:437,8,1,0
BRDA:459,9,0,0
BRDA:459,9,1,0
BRDA:474,10,0,0
BRDA:474,10,1,0
BRDA:475,11,0,0
BRDA:475,11,1,0
BRDA:476,12,0,0
BRDA:476,12,1,0
BRDA:477,13,0,0
BRDA:477,13,1,0
BRDA:574,14,0,0
BRDA:574,14,1,0
BRDA:674,15,0,0
BRDA:674,15,1,0
BRDA:678,16,0,0
BRDA:678,16,1,0
BRDA:678,17,0,0
BRDA:678,17,1,0
BRDA:678,18,0,0
BRDA:678,18,1,0
BRDA:679,19,0,0
BRDA:679,19,1,0
BRDA:679,20,0,0
BRDA:679,20,1,0
BRDA:679,21,0,0
BRDA:679,21,1,0
BRDA:680,22,0,0
BRDA:680,22,1,0
BRDA:680,23,0,0
BRDA:680,23,1,0
BRF:48
BRH:0
end_of_record
TN:
SF:app/docs/page.tsx
FN:10,DocsPage
FNF:1
FNH:0
FNDA:0,DocsPage
DA:2,0
DA:4,0
DA:10,0
DA:11,0
LF:4
LH:0
BRF:0
BRH:0
end_of_record
TN:
SF:app/exam/[courseId]/page.tsx
FN:8,ExamPage
FN:15,(anonymous_11)
FN:18,(anonymous_12)
FN:19,(anonymous_13)
FN:22,(anonymous_14)
FN:28,(anonymous_15)
FN:29,(anonymous_16)
FN:36,(anonymous_17)
FN:37,(anonymous_18)
FN:40,(anonymous_19)
FN:57,(anonymous_20)
FN:58,(anonymous_21)
FN:112,(anonymous_22)
FN:112,(anonymous_23)
FN:120,(anonymous_24)
FN:120,(anonymous_25)
FN:139,(anonymous_26)
FN:139,(anonymous_27)
FN:149,(anonymous_28)
FN:155,(anonymous_29)
FNF:20
FNH:0
FNDA:0,ExamPage
FNDA:0,(anonymous_11)
FNDA:0,(anonymous_12)
FNDA:0,(anonymous_13)
FNDA:0,(anonymous_14)
FNDA:0,(anonymous_15)
FNDA:0,(anonymous_16)
FNDA:0,(anonymous_17)
FNDA:0,(anonymous_18)
FNDA:0,(anonymous_19)
FNDA:0,(anonymous_20)
FNDA:0,(anonymous_21)
FNDA:0,(anonymous_22)
FNDA:0,(anonymous_23)
FNDA:0,(anonymous_24)
FNDA:0,(anonymous_25)
FNDA:0,(anonymous_26)
FNDA:0,(anonymous_27)
FNDA:0,(anonymous_28)
FNDA:0,(anonymous_29)
DA:2,0
DA:3,0
DA:4,0
DA:5,0
DA:8,0
DA:9,0
DA:10,0
DA:11,0
DA:12,0
DA:13,0
DA:14,0
DA:15,0
DA:16,0
DA:18,0
DA:19,0
DA:20,0
DA:21,0
DA:22,0
DA:23,0
DA:25,0
DA:28,0
DA:29,0
DA:30,0
DA:31,0
DA:33,0
DA:36,0
DA:37,0
DA:40,0
DA:41,0
DA:42,0
DA:45,0
DA:46,0
DA:56,0
DA:57,0
DA:58,0
DA:59,0
DA:69,0
DA:70,0
DA:72,0
DA:112,0
DA:120,0
DA:139,0
DA:150,0
DA:151,0
DA:152,0
DA:155,0
LF:46
LH:0
BRDA:23,0,0,0
BRDA:23,1,0,0
BRDA:23,1,1,0
BRDA:23,2,0,0
BRDA:23,2,1,0
BRDA:45,3,0,0
BRDA:56,4,0,0
BRDA:58,5,0,0
BRDA:58,5,1,0
BRDA:58,6,0,0
BRDA:58,6,1,0
BRDA:103,7,0,0
BRDA:103,7,1,0
BRDA:103,8,0,0
BRDA:103,8,1,0
BRDA:117,9,0,0
BRDA:117,9,1,0
BRDA:142,10,0,0
BRDA:142,10,1,0
BRDA:147,11,0,0
BRDA:147,11,1,0
BRDA:159,12,0,0
BRDA:159,12,1,0
BRDA:161,13,0,0
BRDA:161,13,1,0
BRDA:164,14,0,0
BRDA:164,14,1,0
BRDA:164,15,0,0
BRDA:164,15,1,0
BRDA:165,16,0,0
BRDA:165,16,1,0
BRDA:167,17,0,0
BRDA:167,17,1,0
BRF:33
BRH:0
end_of_record
TN:
SF:app/subjects/[id]/page.tsx
FN:21,SubjectPage
FN:30,(anonymous_2)
FN:77,(anonymous_3)
FNF:3
FNH:0
FNDA:0,SubjectPage
FNDA:0,(anonymous_2)
FNDA:0,(anonymous_3)
DA:1,0
DA:2,0
DA:3,0
DA:4,0
DA:19,0
DA:21,0
DA:26,0
DA:27,0
DA:28,0
DA:30,0
DA:32,0
DA:77,0
LF:12
LH:0
BRDA:67,0,0,0
BRDA:67,0,1,0
BRF:2
BRH:0
end_of_record
TN:
SF:components/AddCourseForm.tsx
FN:4,AddCourseForm
FN:9,(anonymous_1)
FN:24,(anonymous_2)
FN:39,(anonymous_3)
FN:48,(anonymous_4)
FN:51,(anonymous_5)
FNF:6
FNH:0
FNDA:0,AddCourseForm
FNDA:0,(anonymous_1)
FNDA:0,(anonymous_2)
FNDA:0,(anonymous_3)
FNDA:0,(anonymous_4)
FNDA:0,(anonymous_5)
DA:2,0
DA:4,0
DA:5,0
DA:6,0
DA:7,0
DA:9,0
DA:10,0
DA:11,0
DA:12,0
DA:17,0
DA:18,0
DA:21,0
DA:22,0
DA:24,0
DA:32,0
DA:39,0
DA:48,0
DA:51,0
LF:18
LH:0
BRDA:18,0,0,0
BRDA:21,1,0,0
BRDA:53,2,0,0
BRDA:53,2,1,0
BRF:4
BRH:0
end_of_record
TN:
SF:components/AddSubjectForm.tsx
FN:5,AddSubjectForm
FN:11,(anonymous_1)
FN:28,(anonymous_2)
FN:44,(anonymous_3)
FN:53,(anonymous_4)
FN:57,(anonymous_5)
FN:60,(anonymous_6)
FNF:7
FNH:0
FNDA:0,AddSubjectForm
FNDA:0,(anonymous_1)
FNDA:0,(anonymous_2)
FNDA:0,(anonymous_3)
FNDA:0,(anonymous_4)
FNDA:0,(anonymous_5)
FNDA:0,(anonymous_6)
DA:3,0
DA:5,0
DA:6,0
DA:7,0
DA:8,0
DA:9,0
DA:11,0
DA:12,0
DA:13,0
DA:14,0
DA:19,0
DA:20,0
DA:23,0
DA:24,0
DA:28,0
DA:37,0
DA:44,0
DA:53,0
DA:57,0
DA:60,0
LF:20
LH:0
BRDA:20,0,0,0
BRDA:23,1,0,0
BRDA:62,2,0,0
BRDA:62,2,1,0
BRF:4
BRH:0
end_of_record
TN:
SF:components/BulkUploader.tsx
FN:9,BulkUploader
FN:16,(anonymous_10)
FN:18,(anonymous_11)
FN:20,(anonymous_12)
FN:25,(anonymous_13)
FN:27,(anonymous_14)
FN:34,(anonymous_15)
FN:74,(anonymous_16)
FN:75,(anonymous_17)
FN:76,(anonymous_18)
FN:77,(anonymous_19)
FN:78,(anonymous_20)
FN:85,(anonymous_21)
FNF:13
FNH:0
FNDA:0,BulkUploader
FNDA:0,(anonymous_10)
FNDA:0,(anonymous_11)
FNDA:0,(anonymous_12)
FNDA:0,(anonymous_13)
FNDA:0,(anonymous_14)
FNDA:0,(anonymous_15)
FNDA:0,(anonymous_16)
FNDA:0,(anonymous_17)
FNDA:0,(anonymous_18)
FNDA:0,(anonymous_19)
FNDA:0,(anonymous_20)
FNDA:0,(anonymous_21)
DA:2,0
DA:9,0
DA:10,0
DA:11,0
DA:12,0
DA:13,0
DA:14,0
DA:16,0
DA:17,0
DA:18,0
DA:20,0
DA:21,0
DA:25,0
DA:27,0
DA:28,0
DA:29,0
DA:30,0
DA:32,0
DA:33,0
DA:34,0
DA:36,0
DA:38,0
DA:39,0
DA:40,0
DA:41,0
DA:42,0
DA:44,0
DA:46,0
DA:49,0
DA:51,0
DA:74,0
DA:75,0
DA:76,0
DA:77,0
DA:79,0
DA:80,0
DA:81,0
DA:82,0
DA:85,0
LF:39
LH:0
BRDA:28,0,0,0
BRDA:32,1,0,0
BRDA:32,1,1,0
BRDA:34,2,0,0
BRDA:34,2,1,0
BRDA:39,3,0,0
BRDA:39,3,1,0
BRDA:49,4,0,0
BRDA:49,4,1,0
BRDA:49,5,0,0
BRDA:49,5,1,0
BRDA:49,6,0,0
BRDA:49,6,1,0
BRDA:49,7,0,0
BRDA:49,7,1,0
BRDA:67,8,0,0
BRDA:67,8,1,0
BRDA:69,9,0,0
BRDA:69,9,1,0
BRDA:74,10,0,0
BRDA:74,10,1,0
BRDA:74,11,0,0
BRDA:74,11,1,0
BRDA:75,12,0,0
BRDA:75,12,1,0
BRDA:75,13,0,0
BRDA:75,13,1,0
BRDA:75,14,0,0
BRDA:75,14,1,0
BRDA:82,15,0,0
BRDA:85,16,0,0
BRDA:85,16,1,0
BRDA:85,17,0,0
BRDA:85,17,1,0
BRDA:85,18,0,0
BRDA:85,18,1,0
BRDA:87,19,0,0
BRDA:87,19,1,0
BRDA:109,20,0,0
BRDA:109,20,1,0
BRDA:111,21,0,0
BRDA:111,21,1,0
BRDA:115,22,0,0
BRDA:115,22,1,0
BRDA:121,23,0,0
BRDA:121,23,1,0
BRDA:122,24,0,0
BRDA:122,24,1,0
BRF:48
BRH:0
end_of_record
TN:
SF:components/ConfigEditor.tsx
FN:8,(anonymous_10)
FN:17,ConfigEditor
FN:23,(anonymous_12)
FN:30,(anonymous_13)
FN:31,(anonymous_14)
FN:31,(anonymous_15)
FN:35,(anonymous_16)
FN:37,(anonymous_17)
FN:37,(anonymous_18)
FN:40,(anonymous_19)
FN:51,(anonymous_20)
FN:64,(anonymous_21)
FN:72,(anonymous_22)
FN:84,(anonymous_23)
FN:96,(anonymous_24)
FN:108,(anonymous_25)
FN:114,(anonymous_26)
FN:118,(anonymous_27)
FNF:18
FNH:0
FNDA:0,(anonymous_10)
FNDA:0,ConfigEditor
FNDA:0,(anonymous_12)
FNDA:0,(anonymous_13)
FNDA:0,(anonymous_14)
FNDA:0,(anonymous_15)
FNDA:0,(anonymous_16)
FNDA:0,(anonymous_17)
FNDA:0,(anonymous_18)
FNDA:0,(anonymous_19)
FNDA:0,(anonymous_20)
FNDA:0,(anonymous_21)
FNDA:0,(anonymous_22)
FNDA:0,(anonymous_23)
FNDA:0,(anonymous_24)
FNDA:0,(anonymous_25)
FNDA:0,(anonymous_26)
FNDA:0,(anonymous_27)
DA:2,0
DA:3,0
DA:8,0
DA:9,0
DA:14,0
DA:17,0
DA:18,0
DA:19,0
DA:20,0
DA:21,0
DA:23,0
DA:24,0
DA:29,0
DA:30,0
DA:31,0
DA:35,0
DA:36,0
DA:37,0
DA:40,0
DA:41,0
DA:42,0
DA:43,0
DA:44,0
DA:45,0
DA:48,0
DA:52,0
DA:53,0
DA:65,0
DA:66,0
DA:67,0
DA:72,0
DA:84,0
DA:96,0
DA:108,0
DA:114,0
DA:118,0
LF:36
LH:0
BRDA:14,0,0,0
BRDA:14,0,1,0
BRDA:14,1,0,0
BRDA:14,1,1,0
BRDA:29,2,0,0
BRDA:41,3,0,0
BRDA:58,4,0,0
BRDA:58,4,1,0
BRDA:71,5,0,0
BRDA:71,5,1,0
BRDA:74,6,0,0
BRDA:74,6,1,0
BRDA:95,7,0,0
BRDA:95,7,1,0
BRF:14
BRH:0
end_of_record
TN:
SF:components/CourseCard.tsx
FN:15,(anonymous_1)
FN:21,(anonymous_2)
FN:31,CourseCard
FN:38,(anonymous_4)
FN:42,(anonymous_5)
FN:46,(anonymous_6)
FN:78,(anonymous_7)
FNF:7
FNH:0
FNDA:0,(anonymous_1)
FNDA:0,(anonymous_2)
FNDA:0,CourseCard
FNDA:0,(anonymous_4)
FNDA:0,(anonymous_5)
FNDA:0,(anonymous_6)
FNDA:0,(anonymous_7)
DA:2,0
DA:3,0
DA:4,0
DA:15,0
DA:16,0
DA:21,0
DA:22,0
DA:31,0
DA:32,0
DA:34,0
DA:39,0
DA:40,0
DA:43,0
DA:44,0
DA:46,0
DA:78,0
LF:16
LH:0
BRDA:63,0,0,0
BRDA:63,0,1,0
BRDA:68,1,0,0
BRDA:68,1,1,0
BRDA:75,2,0,0
BRDA:75,2,1,0
BRF:6
BRH:0
end_of_record
TN:
SF:components/DeleteButton.tsx
FN:11,(anonymous_9)
FN:29,(anonymous_10)
FN:44,DeleteButton
FN:49,(anonymous_12)
FN:54,(anonymous_13)
FN:59,(anonymous_14)
FNF:6
FNH:0
FNDA:0,(anonymous_9)
FNDA:0,(anonymous_10)
FNDA:0,DeleteButton
FNDA:0,(anonymous_12)
FNDA:0,(anonymous_13)
FNDA:0,(anonymous_14)
DA:2,0
DA:11,0
DA:12,0
DA:29,0
DA:30,0
DA:44,0
DA:45,0
DA:46,0
DA:47,0
DA:49,0
DA:50,0
DA:51,0
DA:54,0
DA:55,0
DA:56,0
DA:59,0
DA:60,0
DA:61,0
DA:62,0
DA:63,0
DA:66,0
DA:67,0
DA:68,0
DA:72,0
DA:73,0
DA:87,0
LF:26
LH:0
BRDA:44,0,0,0
BRDA:66,1,0,0
BRDA:66,1,1,0
BRDA:72,2,0,0
BRDA:77,3,0,0
BRDA:77,3,1,0
BRDA:82,4,0,0
BRDA:82,4,1,0
BRDA:113,5,0,0
BRDA:113,5,1,0
BRDA:126,6,0,0
BRDA:126,6,1,0
BRF:12
BRH:0
end_of_record
TN:
SF:components/ExamQuestion.tsx
FN:14,ExamQuestion
FN:57,(anonymous_2)
FN:64,(anonymous_3)
FNF:3
FNH:2
FNDA:2,ExamQuestion
FNDA:8,(anonymous_2)
FNDA:0,(anonymous_3)
DA:2,1
DA:4,1
DA:14,1
DA:21,2
DA:22,2
DA:24,2
DA:58,8
DA:59,8
DA:61,8
DA:64,0
LF:10
LH:9
BRDA:66,0,0,0
BRDA:66,0,1,8
BRDA:72,1,0,0
BRDA:72,1,1,8
BRDA:78,2,0,0
BRDA:78,2,1,8
BRDA:87,3,0,0
BRDA:87,3,1,8
BRDA:93,4,0,8
BRDA:93,4,1,0
BRF:10
BRH:5
end_of_record
TN:
SF:components/ExamTimer.tsx
FN:9,ExamTimer
FN:12,(anonymous_10)
FN:14,(anonymous_11)
FN:14,(anonymous_12)
FN:15,(anonymous_13)
FNF:5
FNH:0
FNDA:0,ExamTimer
FNDA:0,(anonymous_10)
FNDA:0,(anonymous_11)
FNDA:0,(anonymous_12)
FNDA:0,(anonymous_13)
DA:2,0
DA:9,0
DA:10,0
DA:12,0
DA:13,0
DA:14,0
DA:15,0
DA:18,0
DA:19,0
DA:20,0
DA:21,0
DA:23,0
DA:24,0
DA:25,0
DA:27,0
LF:15
LH:0
BRDA:13,0,0,0
BRDA:23,1,0,0
BRDA:23,1,1,0
BRDA:25,2,0,0
BRDA:25,2,1,0
BRDA:25,3,0,0
BRDA:25,3,1,0
BRDA:31,4,0,0
BRDA:31,4,1,0
BRDA:31,5,0,0
BRDA:31,5,1,0
BRDA:32,6,0,0
BRDA:32,6,1,0
BRDA:32,7,0,0
BRDA:32,7,1,0
BRDA:36,8,0,0
BRDA:36,8,1,0
BRF:17
BRH:0
end_of_record
TN:
SF:components/Header.tsx
FN:7,(anonymous_10)
FN:13,(anonymous_11)
FN:19,(anonymous_12)
FN:26,(anonymous_13)
FN:33,(anonymous_14)
FN:40,(anonymous_15)
FN:45,(anonymous_16)
FN:46,(anonymous_17)
FN:48,(anonymous_18)
FN:52,(anonymous_19)
FN:54,(anonymous_20)
FN:88,(anonymous_21)
FN:117,(anonymous_22)
FN:117,(anonymous_23)
FN:137,(anonymous_24)
FNF:15
FNH:10
FNDA:2,(anonymous_10)
FNDA:0,(anonymous_11)
FNDA:2,(anonymous_12)
FNDA:2,(anonymous_13)
FNDA:2,(anonymous_14)
FNDA:2,(anonymous_15)
FNDA:2,(anonymous_16)
FNDA:0,(anonymous_17)
FNDA:2,(anonymous_18)
FNDA:2,(anonymous_19)
FNDA:2,(anonymous_20)
FNDA:6,(anonymous_21)
FNDA:0,(anonymous_22)
FNDA:0,(anonymous_23)
FNDA:0,(anonymous_24)
DA:3,1
DA:4,1
DA:5,1
DA:7,1
DA:8,2
DA:13,1
DA:14,0
DA:19,1
DA:20,2
DA:26,1
DA:27,2
DA:33,1
DA:34,2
DA:40,1
DA:41,2
DA:42,2
DA:43,2
DA:45,2
DA:46,2
DA:47,2
DA:48,2
DA:52,2
DA:54,2
DA:55,2
DA:60,2
DA:66,2
DA:89,6
DA:90,6
DA:117,0
DA:138,0
DA:139,0
DA:167,1
LF:32
LH:28
BRDA:70,0,0,0
BRDA:70,0,1,2
BRDA:95,1,0,0
BRDA:95,1,1,6
BRDA:100,2,0,0
BRDA:100,2,1,6
BRDA:118,3,0,0
BRDA:118,3,1,2
BRDA:120,4,0,0
BRDA:120,4,1,2
BRDA:126,5,0,2
BRDA:126,5,1,0
BRDA:144,6,0,0
BRDA:144,6,1,0
BRDA:149,7,0,0
BRDA:149,7,1,0
BRF:16
BRH:6
end_of_record
TN:
SF:components/QuestionForm.tsx
FN:14,QuestionForm
FN:23,(anonymous_10)
FN:29,(anonymous_11)
FN:66,(anonymous_12)
FN:75,(anonymous_13)
FN:88,(anonymous_14)
FN:100,(anonymous_15)
FN:101,(anonymous_16)
FN:106,(anonymous_17)
FNF:9
FNH:0
FNDA:0,QuestionForm
FNDA:0,(anonymous_10)
FNDA:0,(anonymous_11)
FNDA:0,(anonymous_12)
FNDA:0,(anonymous_13)
FNDA:0,(anonymous_14)
FNDA:0,(anonymous_15)
FNDA:0,(anonymous_16)
FNDA:0,(anonymous_17)
DA:2,0
DA:12,0
DA:14,0
DA:15,0
DA:16,0
DA:19,0
DA:20,0
DA:21,0
DA:23,0
DA:24,0
DA:25,0
DA:26,0
DA:29,0
DA:30,0
DA:31,0
DA:32,0
DA:33,0
DA:34,0
DA:35,0
DA:36,0
DA:37,0
DA:40,0
DA:46,0
DA:66,0
DA:76,0
DA:88,0
DA:100,0
DA:101,0
DA:106,0
LF:29
LH:0
BRDA:15,0,0,0
BRDA:15,0,1,0
BRDA:15,1,0,0
BRDA:15,1,1,0
BRDA:15,2,0,0
BRDA:15,2,1,0
BRDA:15,3,0,0
BRDA:15,3,1,0
BRDA:17,4,0,0
BRDA:17,4,1,0
BRDA:19,5,0,0
BRDA:19,5,1,0
BRDA:19,6,0,0
BRDA:19,6,1,0
BRDA:19,7,0,0
BRDA:19,7,1,0
BRDA:19,8,0,0
BRDA:19,8,1,0
BRDA:20,9,0,0
BRDA:20,9,1,0
BRDA:20,10,0,0
BRDA:20,10,1,0
BRDA:20,11,0,0
BRDA:20,11,1,0
BRDA:20,12,0,0
BRDA:20,12,1,0
BRDA:33,13,0,0
BRDA:33,13,1,0
BRDA:34,14,0,0
BRDA:34,14,1,0
BRDA:37,15,0,0
BRDA:51,16,0,0
BRDA:51,16,1,0
BRDA:78,17,0,0
BRDA:78,17,1,0
BRDA:115,18,0,0
BRDA:115,18,1,0
BRDA:116,19,0,0
BRDA:116,19,1,0
BRDA:116,20,0,0
BRDA:116,20,1,0
BRDA:117,21,0,0
BRDA:117,21,1,0
BRDA:117,22,0,0
BRDA:117,22,1,0
BRDA:118,23,0,0
BRDA:118,23,1,0
BRDA:118,24,0,0
BRDA:118,24,1,0
BRDA:121,25,0,0
BRDA:121,25,1,0
BRDA:121,26,0,0
BRDA:121,26,1,0
BRDA:130,27,0,0
BRDA:130,27,1,0
BRDA:135,28,0,0
BRDA:135,28,1,0
BRF:57
BRH:0
end_of_record
TN:
SF:components/QuestionTable.tsx
FN:12,(anonymous_10)
FN:18,QuestionTable
FN:23,(anonymous_12)
FN:29,(anonymous_13)
FN:48,(anonymous_14)
FN:77,(anonymous_15)
FN:105,(anonymous_16)
FN:112,(anonymous_17)
FN:130,(anonymous_18)
FN:130,(anonymous_19)
FN:136,(anonymous_20)
FN:139,(anonymous_21)
FN:153,(anonymous_22)
FN:153,(anonymous_23)
FNF:14
FNH:0
FNDA:0,(anonymous_10)
FNDA:0,QuestionTable
FNDA:0,(anonymous_12)
FNDA:0,(anonymous_13)
FNDA:0,(anonymous_14)
FNDA:0,(anonymous_15)
FNDA:0,(anonymous_16)
FNDA:0,(anonymous_17)
FNDA:0,(anonymous_18)
FNDA:0,(anonymous_19)
FNDA:0,(anonymous_20)
FNDA:0,(anonymous_21)
FNDA:0,(anonymous_22)
FNDA:0,(anonymous_23)
DA:2,0
DA:4,0
DA:12,0
DA:13,0
DA:14,0
DA:15,0
DA:18,0
DA:19,0
DA:20,0
DA:21,0
DA:23,0
DA:24,0
DA:26,0
DA:27,0
DA:29,0
DA:30,0
DA:31,0
DA:34,0
DA:48,0
DA:78,0
DA:79,0
DA:105,0
DA:112,0
DA:130,0
DA:137,0
DA:139,0
DA:153,0
LF:27
LH:0
BRDA:13,0,0,0
BRDA:14,1,0,0
BRDA:70,2,0,0
BRDA:70,2,1,0
BRDA:73,3,0,0
BRDA:73,3,1,0
BRDA:78,4,0,0
BRDA:78,4,1,0
BRDA:78,5,0,0
BRDA:78,5,1,0
BRDA:98,6,0,0
BRDA:98,6,1,0
BRDA:98,7,0,0
BRDA:98,7,1,0
BRDA:110,8,0,0
BRDA:110,8,1,0
BRDA:125,9,0,0
BRDA:125,9,1,0
BRDA:141,10,0,0
BRDA:141,10,1,0
BRF:20
BRH:0
end_of_record
TN:
SF:components/ScoreCard.tsx
FN:15,ScoreCard
FN:26,(anonymous_10)
FN:80,(anonymous_11)
FN:92,(anonymous_12)
FN:107,(anonymous_13)
FN:110,(anonymous_14)
FN:125,(anonymous_15)
FN:159,(anonymous_16)
FN:163,(anonymous_17)
FNF:9
FNH:0
FNDA:0,ScoreCard
FNDA:0,(anonymous_10)
FNDA:0,(anonymous_11)
FNDA:0,(anonymous_12)
FNDA:0,(anonymous_13)
FNDA:0,(anonymous_14)
FNDA:0,(anonymous_15)
FNDA:0,(anonymous_16)
FNDA:0,(anonymous_17)
DA:2,0
DA:4,0
DA:15,0
DA:16,0
DA:17,0
DA:18,0
DA:19,0
DA:20,0
DA:22,0
DA:23,0
DA:24,0
DA:26,0
DA:27,0
DA:28,0
DA:29,0
DA:32,0
DA:81,0
DA:92,0
DA:108,0
DA:110,0
DA:126,0
DA:127,0
DA:128,0
DA:129,0
DA:131,0
DA:159,0
DA:163,0
LF:27
LH:0
BRDA:27,0,0,0
BRDA:28,1,0,0
BRDA:43,2,0,0
BRDA:43,2,1,0
BRDA:53,3,0,0
BRDA:53,3,1,0
BRDA:59,4,0,0
BRDA:59,4,1,0
BRDA:63,5,0,0
BRDA:63,5,1,0
BRDA:69,6,0,0
BRDA:69,6,1,0
BRDA:70,7,0,0
BRDA:70,7,1,0
BRDA:96,8,0,0
BRDA:96,8,1,0
BRDA:101,9,0,0
BRDA:101,9,1,0
BRDA:112,10,0,0
BRDA:112,10,1,0
BRDA:113,11,0,0
BRDA:113,11,1,0
BRDA:114,12,0,0
BRDA:114,12,1,0
BRDA:119,13,0,0
BRDA:119,13,1,0
BRDA:119,14,0,0
BRDA:119,14,1,0
BRDA:127,15,0,0
BRDA:127,15,1,0
BRDA:128,16,0,0
BRDA:128,16,1,0
BRDA:133,17,0,0
BRDA:133,17,1,0
BRDA:134,18,0,0
BRDA:134,18,1,0
BRDA:142,19,0,0
BRDA:142,19,1,0
BRDA:143,20,0,0
BRDA:143,20,1,0
BRDA:143,21,0,0
BRDA:143,21,1,0
BRDA:150,22,0,0
BRDA:150,22,1,0
BRF:44
BRH:0
end_of_record
TN:
SF:components/SubjectActions.tsx
FN:18,SubjectActions
FN:21,(anonymous_2)
FN:27,(anonymous_3)
FN:37,(anonymous_4)
FN:44,(anonymous_5)
FNF:5
FNH:0
FNDA:0,SubjectActions
FNDA:0,(anonymous_2)
FNDA:0,(anonymous_3)
FNDA:0,(anonymous_4)
FNDA:0,(anonymous_5)
DA:2,0
DA:3,0
DA:4,0
DA:18,0
DA:19,0
DA:21,0
DA:22,0
DA:23,0
DA:24,0
DA:27,0
DA:28,0
DA:29,0
DA:32,0
DA:38,0
DA:44,0
LF:15
LH:0
BRDA:35,0,0,0
BRDA:35,0,1,0
BRF:2
BRH:0
end_of_record
TN:
SF:components/SubjectCard.tsx
FN:13,(anonymous_1)
FN:19,(anonymous_2)
FN:26,SubjectCard
FN:33,(anonymous_4)
FN:37,(anonymous_5)
FN:41,(anonymous_6)
FN:72,(anonymous_7)
FN:77,(anonymous_8)
FNF:8
FNH:0
FNDA:0,(anonymous_1)
FNDA:0,(anonymous_2)
FNDA:0,SubjectCard
FNDA:0,(anonymous_4)
FNDA:0,(anonymous_5)
FNDA:0,(anonymous_6)
FNDA:0,(anonymous_7)
FNDA:0,(anonymous_8)
DA:2,0
DA:3,0
DA:4,0
DA:13,0
DA:14,0
DA:19,0
DA:20,0
DA:26,0
DA:27,0
DA:29,0
DA:34,0
DA:35,0
DA:38,0
DA:39,0
DA:41,0
DA:72,0
DA:78,0
DA:79,0
DA:80,0
LF:19
LH:0
BRDA:58,0,0,0
BRDA:58,0,1,0
BRDA:63,1,0,0
BRDA:63,1,1,0
BRF:4
BRH:0
end_of_record
TN:
SF:lib/prisma.ts
FNF:0
FNH:0
DA:1,0
DA:3,0
DA:8,0
DA:16,0
DA:17,0
DA:20,0
LF:6
LH:0
BRDA:8,0,0,0
BRDA:8,0,1,0
BRDA:8,1,0,0
BRDA:8,1,1,0
BRDA:11,2,0,0
BRDA:11,2,1,0
BRDA:16,3,0,0
BRF:7
BRH:0
end_of_record
TN:
SF:lib/types.ts
FNF:0
FNH:0
DA:6,1
LF:1
LH:1
BRF:0
BRH:0
end_of_record
TN:
SF:scripts/migrate-sqlite-to-supabase.ts
FN:55,main
FN:139,(anonymous_2)
FN:143,(anonymous_3)
FNF:3
FNH:0
FNDA:0,main
FNDA:0,(anonymous_2)
FNDA:0,(anonymous_3)
DA:19,0
DA:20,0
DA:21,0
DA:26,0
DA:27,0
DA:32,0
DA:36,0
DA:56,0
DA:59,0
DA:60,0
DA:61,0
DA:62,0
DA:68,0
DA:71,0
DA:72,0
DA:73,0
DA:74,0
DA:80,0
DA:83,0
DA:84,0
DA:85,0
DA:86,0
DA:105,0
DA:108,0
DA:109,0
DA:110,0
DA:111,0
DA:117,0
DA:123,0
DA:124,0
DA:127,0
DA:130,0
DA:133,0
DA:135,0
DA:138,0
DA:140,0
DA:141,0
DA:144,0
DA:145,0
LF:39
LH:0
BRF:0
BRH:0
end_of_record
TN:
SF:tests/api/courses.test.ts
FN:1,(anonymous_0)
FN:2,(anonymous_1)
FNF:2
FNH:0
FNDA:0,(anonymous_0)
FNDA:0,(anonymous_1)
DA:1,0
DA:2,0
LF:2
LH:0
BRF:0
BRH:0
end_of_record
TN:
SF:tests/api/questions.test.ts
FN:1,(anonymous_0)
FN:2,(anonymous_1)
FNF:2
FNH:0
FNDA:0,(anonymous_0)
FNDA:0,(anonymous_1)
DA:1,0
DA:2,0
LF:2
LH:0
BRF:0
BRH:0
end_of_record
TN:
SF:tests/api/subjects.test.ts
FN:1,(anonymous_0)
FN:2,(anonymous_1)
FNF:2
FNH:0
FNDA:0,(anonymous_0)
FNDA:0,(anonymous_1)
DA:1,0
DA:2,0
LF:2
LH:0
BRF:0
BRH:0
end_of_record
TN:
SF:tests/components/ExamQuestion.test.tsx
FN:12,(anonymous_1)
FN:13,(anonymous_2)
FN:20,(anonymous_3)
FN:28,(anonymous_4)
FNF:4
FNH:0
FNDA:0,(anonymous_1)
FNDA:0,(anonymous_2)
FNDA:0,(anonymous_3)
FNDA:0,(anonymous_4)
DA:1,0
DA:2,0
DA:4,0
DA:12,0
DA:13,0
DA:14,0
DA:23,0
DA:24,0
DA:25,0
DA:28,0
DA:29,0
DA:30,0
DA:39,0
DA:40,0
LF:14
LH:0
BRF:0
BRH:0
end_of_record
TN:
SF:tests/components/Header.test.tsx
FN:4,(anonymous_1)
FN:5,(anonymous_2)
FN:10,(anonymous_3)
FNF:3
FNH:0
FNDA:0,(anonymous_1)
FNDA:0,(anonymous_2)
FNDA:0,(anonymous_3)
DA:1,0
DA:2,0
DA:4,0
DA:5,0
DA:6,0
DA:7,0
DA:10,0
DA:11,0
DA:12,0
DA:13,0
DA:14,0
DA:15,0
DA:16,0
LF:13
LH:0
BRF:0
BRH:0
end_of_record
